23:38:55.950 04.11.2011 *200005BAF25FC6;
23:38:55.999 04.11.2011 *200005BAF25FC6;
23:38:56.016 04.11.2011 *8D4249C6902FA46C28B17E257C38;
23:38:56.050 04.11.2011 *200005BAF25FC6;
23:38:57.051 04.11.2011 *2800072A49BC4F;
23:38:57.782 04.11.2011 *8D4249C6902FC46C28B1AE82F300;
23:38:57.891 04.11.2011 *200005BCF27BEB;
23:38:57.951 04.11.2011 *200005BD0D8FE2;
23:38:58.002 04.11.2011 *200005BD0D8FE2;
23:38:58.053 04.11.2011 *200005BD0D8FE2;
23:38:58.762 04.11.2011 *8D4249C6902FE46C28B1CAE1D026;
23:38:58.889 04.11.2011 *200005BEF267F0;
23:38:59.003 04.11.2011 *200005BEF267F0;
23:38:59.643 04.11.2011 *02A605BF598E02;
23:38:59.879 04.11.2011 *8D4249C6902FF10A32E775B0B85A;
23:38:59.889 04.11.2011 *200005BF0D93F9;
23:38:59.959 04.11.2011 *02A605BF598E02;
23:39:00.001 04.11.2011 *2800072A49BC4F;
23:39:00.053 04.11.2011 *200005BF0D93F9;
23:39:00.636 04.11.2011 *02A186106AC259;
23:39:00.864 04.11.2011 *8D4249C69031010A32E790660C77;
23:39:00.889 04.11.2011 *20000610E6E241;
23:39:00.952 04.11.2011 *20000611191648;
23:39:01.016 04.11.2011 *02A18611953650;
23:39:02.059 04.11.2011 *A800072A20554073D358201FB6C6;
23:39:02.664 04.11.2011 *8D4249C620554073D35820F035E6;
23:39:02.801 04.11.2011 *8D4249C69031346C28B238BB1BB7;
23:39:03.004 04.11.2011 *2800072A49BC4F;
23:39:03.873 04.11.2011 *8D4249C69031410A32E7E4A625C9;
23:39:03.892 04.11.2011 *20000615192E7E;
23:39:03.951 04.11.2011 *A800072A20554073D358201FB6C6;
23:39:04.057 04.11.2011 *20000615192E7E;
23:39:04.585 04.11.2011 *02A186166AE674;
23:39:04.797 04.11.2011 *8D4249C69031646C28B26E4A4342;
23:39:04.893 04.11.2011 *20000616E6C66C;
23:39:04.948 04.11.2011 *2800072A49BC4F;
23:39:05.005 04.11.2011 *20000616E6C66C;
23:39:05.058 04.11.2011 *20000616E6C66C;
23:39:05.375 04.11.2011 *02A1861795127D;
23:39:05.619 04.11.2011 *02A1861795127D;
23:39:07.949 04.11.2011 *2800072A49BC4F;
23:39:08.006 04.11.2011 *2000061B197A3F;
23:39:08.059 04.11.2011 *2000061B197A3F;
23:39:08.621 04.11.2011 *8D4249C69031B46C28B2D6C498EF;
23:39:08.951 04.11.2011 *2800072A49BC4F;
23:39:09.058 04.11.2011 *2000061CE6AA1B;
23:39:09.470 04.11.2011 *5D4249C6F3FFDD;
23:39:09.667 04.11.2011 *02A1861D957E0A;
23:39:10.055 04.11.2011 *A800072A20554073D358201FB6C6;
23:39:10.432 04.11.2011 *02A1861E6A9618;
23:39:10.776 04.11.2011 *8D4249C69031F46C28B3140CBF54;
23:39:10.823 04.11.2011 *20000B3909CED9;
23:39:10.896 04.11.2011 *2000061F194209;
23:39:10.955 04.11.2011 *2000061F194209;
23:39:11.016 04.11.2011 *02A1861F956211;
23:39:11.034 04.11.2011 *20000B3909CED9;
23:39:11.060 04.11.2011 *2000061F194209;
23:39:11.118 04.11.2011 *8D15770B905B9436C0D9CF21B7A1;
23:39:11.159 04.11.2011 *02A1861F956211;
23:39:11.893 04.11.2011 *02A1863194F7E0;
23:39:11.896 04.11.2011 *2000063118D7F8;
23:39:11.944 04.11.2011 *02A1863194F7E0;
23:39:12.001 04.11.2011 *2000063118D7F8;
23:39:12.628 04.11.2011 *02A60632B32211;
23:39:12.803 04.11.2011 *8D4249C699012500609400315428;
23:39:12.895 04.11.2011 *2800072A49BC4F;
23:39:13.631 04.11.2011 *5D4249C6F3FFDD;
23:39:13.742 04.11.2011 *8D4249C69033346C30B366107FFB;
23:39:13.901 04.11.2011 *20000634E71BC7;
23:39:13.958 04.11.2011 *A800072A20554073D358201FB6C6;
23:39:14.011 04.11.2011 *20000634E71BC7;
23:39:14.066 04.11.2011 *20000634E71BC7;
23:39:14.852 04.11.2011 *8D4249C69033510A3AE91EBC1AB3;
23:39:15.065 04.11.2011 *2000063518EFCE;
23:39:17.012 04.11.2011 *2000063918A794;
23:39:17.897 04.11.2011 *8D4249C6990126006090000C7D7A;
23:39:17.906 04.11.2011 *A800072A20554073D358201FB6C6;
23:39:17.959 04.11.2011 *A800072A20554073D358201FB6C6;
23:39:17.982 04.11.2011 *5D4249C6F3FFDD;
23:39:18.017 04.11.2011 *A800072A20554073D358201FB6C6;
23:39:18.657 04.11.2011 *02A1863B949B97;
23:39:18.741 04.11.2011 *8D4249C6990126006090000C7D7A;
23:39:18.958 04.11.2011 *2000063CE76BAB;
23:39:19.019 04.11.2011 *2800072A49BC4F;
23:39:19.068 04.11.2011 *2000063CE76BAB;
23:39:21.908 04.11.2011 *A800072A20554073D358201FB6C6;
23:39:21.959 04.11.2011 *20000690E1E481;
23:39:22.020 04.11.2011 *2800072A49BC4F;
23:39:22.434 04.11.2011 *8D4249C69035146C30B45664EFA4;
23:39:22.960 04.11.2011 *20000692E1F89A;
23:39:24.961 04.11.2011 *2800072A49BC4F;
23:39:25.019 04.11.2011 *2800072A49BC4F;
23:39:25.907 04.11.2011 *A800072A20554073D358201FB6C6;
23:39:25.959 04.11.2011 *5D4249C6F3FFDD;
23:39:25.969 04.11.2011 *02A186979214BD;
23:39:26.159 04.11.2011 *02A186979214BD;
23:39:26.508 04.11.2011 *02A186979214BD;
23:39:27.967 04.11.2011 *A800072A20554073D358201FB6C6;
23:39:28.973 04.11.2011 *2000069B1E7CFF;
23:39:29.080 04.11.2011 *2000069CE1ACDB;
23:39:29.189 04.11.2011 *02A1869C6D8CC3;
23:39:29.513 04.11.2011 *8D4249C69035C10A3AEAC2DED68F;
23:39:30.909 04.11.2011 *2000069F1E44C9;
23:39:30.972 04.11.2011 *2000069F1E44C9;
23:39:31.021 04.11.2011 *2000069F1E44C9;
23:39:31.079 04.11.2011 *2800072A49BC4F;
23:39:33.906 04.11.2011 *A800072A20554073D358201FB6C6;
23:39:34.022 04.11.2011 *200006B4E01D07;
23:39:34.508 04.11.2011 *8D4249C699812900409C0081FE36;
23:39:34.905 04.11.2011 *200006B51FE90E;
23:39:35.024 04.11.2011 *200006B51FE90E;
23:39:35.392 04.11.2011 *02A186B66C2104;
23:39:35.951 04.11.2011 *02A186B793D50D;
23:39:36.081 04.11.2011 *200006B71FF515;
23:39:36.407 04.11.2011 *8D4249C69037846C38B5DE5CB144;
23:39:36.528 04.11.2011 *02A186B86C7545;
23:39:36.531 04.11.2011 *02A186B86C7545;
23:39:36.967 04.11.2011 *200006B91FA154;
23:39:37.969 04.11.2011 *200006BAE04946;
23:39:38.032 04.11.2011 *200006BAE04946;
23:39:38.254 04.11.2011 *8D4249C69037B10A40EBC231EF63;
23:39:38.378 04.11.2011 *5D4249C6F3FFDD;
23:39:39.088 04.11.2011 *2800072A49BC4F;
23:39:39.311 04.11.2011 *8D4249C699812A00409400F48D64;
23:39:40.088 04.11.2011 *2800072A49BC4F;
23:39:41.914 04.11.2011 *20000710E8EFC1;
23:39:41.956 04.11.2011 *02A1871064CFD9;
23:39:42.031 04.11.2011 *20000711171BC8;
23:39:42.915 04.11.2011 *2800072A49BC4F;
23:39:47.918 04.11.2011 *2800072A49BC4F;
23:39:51.429 04.11.2011 *02C60A3463E68A;
23:39:51.895 04.11.2011 *28001422EC3C6E;
23:39:52.057 04.11.2011 *02C60A339C36AE;
23:39:52.082 04.11.2011 *28001422EC3C6E;
23:39:52.426 04.11.2011 *02C60A3263C2A7;
23:39:52.568 04.11.2011 *02C60A3263C2A7;
23:39:52.650 04.11.2011 *5D15770BF48AA2;
23:39:53.914 04.11.2011 *2000073316C663;
23:39:55.564 04.11.2011 *8D15770B9051D4411ED9B6B1FCCE;
23:39:55.898 04.11.2011 *28001422EC3C6E;
23:39:56.069 04.11.2011 *20000A1CF9CED6;
23:39:56.643 04.11.2011 *8D15770B9904092548A000A498A6;
23:39:56.767 04.11.2011 *02C60A1B9D8772;
23:39:56.840 04.11.2011 *20000A1B061EF2;
23:39:56.867 04.11.2011 *5D15770BF48AA2;
23:39:57.069 04.11.2011 *A800142220046335CB282038BC15;
23:39:58.894 04.11.2011 *20000A170656A8;
23:39:59.367 04.11.2011 *02C60A16623B21;
23:39:59.600 04.11.2011 *8D15770B905160DF5D0ED2A17229;
23:39:59.608 04.11.2011 *02C18A16BA06C2;
23:39:59.838 04.11.2011 *20000A15064AB3;
23:39:59.900 04.11.2011 *28001422EC3C6E;
23:40:00.072 04.11.2011 *20000A15064AB3;
23:40:00.845 04.11.2011 *A800142220046335CB282038BC15;
23:40:00.979 04.11.2011 *2000073CE9662B;
23:40:01.013 04.11.2011 *5D15770BF48AA2;
23:40:01.069 04.11.2011 *20000A13066E9E;
23:40:01.839 04.11.2011 *20000A12F99A97;
23:40:01.894 04.11.2011 *02C60A12620317;
23:40:01.901 04.11.2011 *28001422EC3C6E;
23:40:01.949 04.11.2011 *02C60A12620317;
23:40:02.069 04.11.2011 *28001422EC3C6E;
23:40:02.779 04.11.2011 *8D15770B90511442D8D9AE394E7F;
23:40:02.844 04.11.2011 *20000A10F9868C;
23:40:02.894 04.11.2011 *20000A10F9868C;
23:40:03.035 04.11.2011 *5D15770BF48AA2;
23:40:03.069 04.11.2011 *28001422EC3C6E;
23:40:04.610 04.11.2011 *02C189BD514F4C;
23:40:04.846 04.11.2011 *A800142220046335CB282038BC15;
23:40:04.896 04.11.2011 *A800142220046335CB282038BC15;
23:40:05.070 04.11.2011 *200009BD12EB2F;
23:40:05.896 04.11.2011 *28001422EC3C6E;
23:40:06.071 04.11.2011 *28001422EC3C6E;
23:40:06.914 04.11.2011 *2800072A49BC4F;
23:40:07.071 04.11.2011 *200009B912D319;
23:40:07.088 04.11.2011 *20000794EFD137;
23:40:07.135 04.11.2011 *02C607947448B7;
23:40:07.847 04.11.2011 *200009B8ED2710;
23:40:08.383 04.11.2011 *02C609B7891ED8;
23:40:08.843 04.11.2011 *A800142220046335CB282038BC15;
23:40:08.902 04.11.2011 *A800142220046335CB282038BC15;
23:40:08.914 04.11.2011 *2800072A49BC4F;
23:40:08.938 04.11.2011 *8D15770B904F64441ED9AEDBEBE7;
23:40:09.384 04.11.2011 *02C609B58902C3;
23:40:13.844 04.11.2011 *28001422EC3C6E;
23:40:13.922 04.11.2011 *2000099EECC28D;
23:40:15.106 04.11.2011 *2000079EEFBD40;
23:40:15.276 04.11.2011 *5D15770BF48AA2;
23:40:15.439 04.11.2011 *02C6079E7424C0;
23:40:17.847 04.11.2011 *28001422EC3C6E;
23:40:18.333 04.11.2011 *8D15770B99040924C89C00F3A751;
23:40:19.081 04.11.2011 *20000995135AF3;
23:40:19.152 04.11.2011 *5D15770BF48AA2;
23:40:19.163 04.11.2011 *8D15770B904D544688D9AED3E577;
23:40:20.432 04.11.2011 *8D4249C6903F546C3EBAD0F43CDE;
23:40:20.448 04.11.2011 *02C6099388E75E;
23:40:21.348 04.11.2011 *8D4249C6990139002078006CFBED;
23:40:21.691 04.11.2011 *5D4249C6F3FFDD;
23:40:22.269 04.11.2011 *8D4249C6903F710A48F0DC339B4F;
23:40:22.430 04.11.2011 *02C187B7525CF6;
23:40:22.850 04.11.2011 *2000093F15F1F4;
23:40:22.902 04.11.2011 *2000093F15F1F4;
23:40:23.032 04.11.2011 *5D15770BF48AA2;
23:40:23.076 04.11.2011 *8D15770B904BF0E4C10ECA884124;
23:40:23.084 04.11.2011 *2000093EEA05FD;
23:40:23.980 04.11.2011 *5D15770BF48AA2;
23:40:24.083 04.11.2011 *2000093D15EDEF;
23:40:24.848 04.11.2011 *A800142220046335CB282038BC15;
23:40:24.905 04.11.2011 *A800142220046335CB282038BC15;
23:40:24.914 04.11.2011 *5D15770BF48AA2;
23:40:26.769 04.11.2011 *02C6093871B850;
23:40:26.999 04.11.2011 *8D15770B904B844844D9A604CF8D;
23:40:29.387 04.11.2011 *02C60810293AC1;
23:40:34.680 04.11.2011 *8D4249C699014000207C00DCD7F3;
23:40:37.666 04.11.2011 *5D4249C6F3FFDD;
23:40:37.804 04.11.2011 *8D4249C699014180206C003E805A;
23:40:43.562 04.11.2011 *5D4249C6F3FFDD;
23:40:43.808 04.11.2011 *8D4249C69043046C3EBD92ECA2A1;
23:40:47.421 04.11.2011 *02C188330F2E80;
23:40:49.490 04.11.2011 *8D4249C699014B00604800ADCC8A;
23:40:50.596 04.11.2011 *8D4249C69043546C46BE667555DC;
23:40:51.521 04.11.2011 *8D4249C69043610A50F4724D4A62;
23:40:51.660 04.11.2011 *5D4249C6F3FFDD;
23:40:52.419 04.11.2011 *02C188370F16B6;
23:40:52.666 04.11.2011 *8D4249C69043710A50F499873AEC;
23:40:53.748 04.11.2011 *8D4249C69043810A50F4BA90C6E7;
23:40:55.404 04.11.2011 *5D4249C6F3FFDD;
23:40:55.568 04.11.2011 *8D4249C69043910A50F4F6A3A13D;
23:40:56.635 04.11.2011 *8D4249C69043A46C46BF2491128E;
23:40:59.162 04.11.2011 *2800072A49BC4F;
23:40:59.731 04.11.2011 *5D4249C6F3FFDD;
23:41:02.424 04.11.2011 *02C1883EF092D3;
23:41:02.446 04.11.2011 *02C1883EF092D3;
23:41:02.456 04.11.2011 *8D4249C699015680405400666CA2;
23:41:04.342 04.11.2011 *8D4249C69045010A50F618CE5DF2;
23:41:05.387 04.11.2011 *8D4249C69901588040700072767F;
23:41:05.534 04.11.2011 *5D4249C6F3FFDD;
23:41:07.101 04.11.2011 *2800072A49BC4F;
23:41:07.396 04.11.2011 *5D4249C6F3FFDD;
23:41:07.411 04.11.2011 *8D4249C69045346C46C0801B42CD;
23:41:07.477 04.11.2011 *02C1889309E9F0;
23:41:08.076 04.11.2011 *8D4249C620554073D35820F035E6;
23:41:08.431 04.11.2011 *8D4249C69045446C46C0A289D9C6;
23:41:09.451 04.11.2011 *02C608962E182C;
23:41:10.508 04.11.2011 *8D4249C69045610A50F6E997E773;
23:41:11.215 04.11.2011 *5D4249C6F3FFDD;
23:41:13.293 04.11.2011 *5D4249C6F3FFDD;
23:41:13.357 04.11.2011 *8D4249C699015C806024009F477C;
23:41:15.272 04.11.2011 *5D4249C6F3FFDD;
23:41:16.448 04.11.2011 *8D4249C69045846C3EC1A843FADB;
23:41:17.442 04.11.2011 *5D4249C6F3FFDD;
23:41:18.431 04.11.2011 *02C18898F6718E;
23:41:19.557 04.11.2011 *8D4249C699015D80680C00BCC7B3;
23:41:20.409 04.11.2011 *02C608982E4C6D;
23:41:20.512 04.11.2011 *8D4249C69045810A48F83DAD646C;
23:41:21.432 04.11.2011 *8D4249C69045846C3EC24E548C66;
23:41:21.461 04.11.2011 *02C608982E4C6D;
23:41:23.458 04.11.2011 *02C1889709D1C6;
23:41:24.381 04.11.2011 *8D4249C69045746C3EC2B2B8B55D;
23:41:27.053 04.11.2011 *8D4249C69045746C3EC308B0F302;
23:41:27.182 04.11.2011 *5D4249C6F3FFDD;
23:41:27.864 04.11.2011 *8D4249C620554073D35820F035E6;
23:41:29.086 04.11.2011 *5D4249C6F3FFDD;
23:41:32.894 04.11.2011 *8D4249C69045710A48F9E4B15D58;
23:41:33.830 04.11.2011 *8D4249C69045746C3EC3E8B5B712;
23:41:34.746 04.11.2011 *8D4249C699015D8080040087896D;
23:41:35.766 04.11.2011 *8D4249C699015D8080040087896D;
23:41:36.559 04.11.2011 *5D4249C6F3FFDD;
23:41:39.881 04.11.2011 *8D4249C69045846C38C4AE591CF0;
23:41:42.353 04.11.2011 *5D4249C6F3FFDD;
23:41:44.151 04.11.2011 *5D4249C6F3FFDD;
23:41:44.443 04.11.2011 *02C1889AF66D95;
23:41:44.981 04.11.2011 *8D4249C69045A10A40FB7C4CFE4D;
23:41:57.181 04.11.2011 *200008B54BA80E;
23:41:57.891 04.11.2011 *8D4249C69047610A3AFD38A13A5E;
23:41:59.993 04.11.2011 *8D4249C69047946C30C74A05C093;
23:42:00.923 04.11.2011 *8D4249C69047A10A3AFD9FE00D83;
23:42:01.179 04.11.2011 *2800072A49BC4F;
23:42:03.914 04.11.2011 *8D4249C69047F10A32FE0696C416;
23:42:03.942 04.11.2011 *5D4249C6F3FFDD;
23:42:03.975 04.11.2011 *200008BF4BC479;
23:42:04.441 04.11.2011 *02C188BF08601A;
23:42:04.914 04.11.2011 *20000910BCAEC1;
23:42:04.994 04.11.2011 *8D4249C69049010A32FE29E95884;
23:42:05.177 04.11.2011 *20000910BCAEC1;
23:42:05.912 04.11.2011 *20000911435AC8;
23:42:07.175 04.11.2011 *200009134346D3;
23:42:07.913 04.11.2011 *2800072A49BC4F;
23:42:07.977 04.11.2011 *2800072A49BC4F;
23:42:08.891 04.11.2011 *8D4249C699016280409800F6708C;
23:42:09.443 04.11.2011 *02C1891700DA86;
23:42:09.907 04.11.2011 *8D4249C69049810A32FED669CF0D;
23:42:10.889 04.11.2011 *8D4249C69049946C28C8B281966C;
23:42:11.110 04.11.2011 *20000919432AA4;
23:42:11.892 04.11.2011 *8D4249C699016280209C0001C2F7;
23:42:12.969 04.11.2011 *2800072A49BC4F;
23:42:13.978 04.11.2011 *A800072A20554073D358201FB6C6;
23:42:14.114 04.11.2011 *A800072A20554073D358201FB6C6;
23:42:14.184 04.11.2011 *A800072A20554073D358201FB6C6;
23:42:14.403 04.11.2011 *02818311E678F6;
23:42:14.455 04.11.2011 *02C1891F00AAEA;
23:42:14.973 04.11.2011 *20000930BD6F71;
23:42:14.984 04.11.2011 *02C18930FECB12;
23:42:15.016 04.11.2011 *8D4249C6904B046C28C940D5A4FB;
23:42:15.118 04.11.2011 *2800072A49BC4F;
23:42:15.184 04.11.2011 *2800072A49BC4F;
23:42:15.962 04.11.2011 *2800062E4780F6;
23:42:16.040 04.11.2011 *2800062E4780F6;
23:42:16.120 04.11.2011 *20000932BD736A;
23:42:16.177 04.11.2011 *8D4249C6904B210A32FFAD948A1F;
23:42:16.975 04.11.2011 *20000933428763;
23:42:17.072 04.11.2011 *8D4249C6904B346C28C98280C860;
23:42:17.120 04.11.2011 *2800072A49BC4F;
23:42:17.185 04.11.2011 *2800072A49BC4F;
23:42:17.911 04.11.2011 *20000934BD5747;
23:42:18.117 04.11.2011 *A800072A20554073D358201FB6C6;
23:42:18.178 04.11.2011 *8D4249C699016300208C00E3955E;
23:42:19.986 04.11.2011 *02C60937D926D5;
23:42:19.997 04.11.2011 *5D4249C6F3FFDD;
23:42:20.115 04.11.2011 *2000093742BF55;
23:42:20.758 04.11.2011 *5D4249C6F3FFDD;
23:42:21.446 04.11.2011 *02E61534CAC7AD;
23:42:21.526 04.11.2011 *0281831BE61481;
23:42:21.918 04.11.2011 *2000093ABD0306;
23:42:21.957 04.11.2011 *8D4249C6904BA10A330075E690FC;
23:42:21.971 04.11.2011 *2800062E4780F6;
23:42:22.007 04.11.2011 *0281831C19C4A5;
23:42:22.215 04.11.2011 *8D43BE8590AB4458B6905449ECDD;
23:42:22.462 04.11.2011 *02C1893B01536C;
23:42:22.469 04.11.2011 *02C1893B01536C;
23:42:22.592 04.11.2011 *5D4249C6F3FFDD;
23:42:22.914 04.11.2011 *2000093CBD272B;
23:42:23.159 04.11.2011 *8D43BE8590AB4458BE907E26E312;
23:42:23.915 04.11.2011 *2000093D42D322;
23:42:24.032 04.11.2011 *20000330D1117E;
23:42:24.119 04.11.2011 *8D43BE8590AB40F67AC52BF25387;
23:42:24.451 04.11.2011 *8D4240C9601B10F8ECF58BDFB9ED;
23:42:24.485 04.11.2011 *8D43BE85204D64B7CB2820FD2791;
23:42:24.585 04.11.2011 *02E61534CAC7AD;
23:42:24.760 04.11.2011 *5D4249C6F3FFDD;
23:42:24.915 04.11.2011 *2000093EBD3B30;
23:42:24.976 04.11.2011 *2000093F42CF39;
23:42:25.050 04.11.2011 *200007BF1B8011;
23:42:25.100 04.11.2011 *8D4249C6904BF10A3300E4EC9D8D;
23:42:25.207 04.11.2011 *8D43BE859901B604A00400734EC8;
23:42:25.869 04.11.2011 *5D43BE85736451;
23:42:25.918 04.11.2011 *20000990BBA801;
23:42:25.977 04.11.2011 *A800072A20554073D358201FB6C6;
23:42:26.037 04.11.2011 *20000334D12948;
23:42:26.051 04.11.2011 *20000990BBA801;
23:42:26.106 04.11.2011 *2800062E4780F6;
23:42:26.126 04.11.2011 *200007BF1B8011;
23:42:26.144 04.11.2011 *8D4249C699016680409400B201B4;
23:42:26.169 04.11.2011 *20000334D12948;
23:42:26.182 04.11.2011 *20000990BBA801;
23:42:26.199 04.11.2011 *5D4240C9723E15;
23:42:26.664 04.11.2011 *5D4249C6F3FFDD;
23:42:26.979 04.11.2011 *20000992BBB41A;
23:42:27.181 04.11.2011 *20000992BBB41A;
23:42:27.977 04.11.2011 *20000993444013;
23:42:28.000 04.11.2011 *8D4249C6904D310A3301479D5791;
23:42:28.021 04.11.2011 *02E61534CAC7AD;
23:42:28.021 04.11.2011 *02E61534CAC7AD;
23:42:28.028 04.11.2011 *8D4249C620554073D35820F035E6;
23:42:28.261 04.11.2011 *8D43BE8590AB40F698C5DE361324;
23:42:28.965 04.11.2011 *5D43BE85736451;
23:42:29.065 04.11.2011 *8D4249C6904D546C28CB18067B38;
23:42:29.183 04.11.2011 *2000099544643E;
23:42:29.200 04.11.2011 *8D43BE8590AB4458EA91764873B8;
23:42:29.698 04.11.2011 *02E61534CAC7AD;
23:42:29.940 04.11.2011 *02C609962015AC;
23:42:29.993 04.11.2011 *5D43BE85736451;
23:42:30.058 04.11.2011 *20000996BB8C2C;
23:42:30.125 04.11.2011 *20000997447825;
23:42:31.226 04.11.2011 *8F43BE8590AB4458F891C8380E33;
23:42:31.415 04.11.2011 *8D48412E58411137B2F4E5C64A86;
23:42:32.106 04.11.2011 *20000391282207;
23:42:32.162 04.11.2011 *20000391282207;
23:42:33.084 04.11.2011 *5D4249C6F3FFDD;
23:42:33.259 04.11.2011 *8F43BE859901B504A00400C6B36A;
23:42:33.746 04.11.2011 *02E61534CAC7AD;
23:42:34.327 04.11.2011 *8F43BE8590AB40F6C6C6DE810098;
23:42:34.599 04.11.2011 *02E61534CAC7AD;
23:42:35.176 04.11.2011 *20201534515E2D;
23:42:36.489 04.11.2011 *5F43BE85249EF7;
23:42:36.992 04.11.2011 *02E61534CAC7AD;
23:42:37.267 04.11.2011 *8D4249C6904F146C28CC30FAE1C9;
23:42:37.430 04.11.2011 *8F43BE859901B504A80400A81162;
23:42:37.810 04.11.2011 *8D4240C99900E80340960521101F;
23:42:37.902 04.11.2011 *2000039B284E70;
23:42:37.923 04.11.2011 *A800072A20554073D358201FB6C6;
23:42:37.971 04.11.2011 *2800062E4780F6;
23:42:38.041 04.11.2011 *2000039B284E70;
23:42:38.273 04.11.2011 *8D4249C620554073D35820F035E6;
23:42:38.484 04.11.2011 *02C189B30625C0;
23:42:38.544 04.11.2011 *8F43BE859901B504A00400C6B36A;
23:42:38.652 04.11.2011 *5D4249C6F3FFDD;
23:42:38.940 04.11.2011 *02E61534CAC7AD;
23:42:38.981 04.11.2011 *200009B4BA5187;
23:42:39.183 04.11.2011 *8D4249C6904F410A3302CF0EC930;
23:42:39.529 04.11.2011 *8F43BE859901B504A00400C6B36A;
23:42:39.921 04.11.2011 *2800072A49BC4F;
23:42:39.981 04.11.2011 *200009B6BA4D9C;
23:42:39.993 04.11.2011 *5F43BE85249EF7;
23:42:40.116 04.11.2011 *A800072A20554073D358201FB6C6;
23:42:40.164 04.11.2011 *2000039F287646;
23:42:40.219 04.11.2011 *8D4249C6904F646C22CC961A4EBE;
23:42:40.626 04.11.2011 *8F43BE8590AB44593C934C5F7B6D;
23:42:41.113 04.11.2011 *200009B8BA19DD;
23:42:41.204 04.11.2011 *8D4249C6904F846C22CCB8C2A206;
23:42:41.230 04.11.2011 *028183B1E0BF86;
23:42:41.621 04.11.2011 *8F43BE859901B504880400ED6D4B;
23:42:41.981 04.11.2011 *282010873EB486;
23:42:42.044 04.11.2011 *5F43BE85249EF7;
23:42:42.219 04.11.2011 *8D4249C6904F946C22CCDAF0502D;
23:42:42.919 04.11.2011 *200009BABA05C6;
23:42:42.955 04.11.2011 *02C609BA219C46;
23:42:43.003 04.11.2011 *02C609BA219C46;
23:42:43.576 04.11.2011 *8F43BE8590AB44595293C8D59A6E;
23:42:43.917 04.11.2011 *200009BCBA21EB;
23:42:43.986 04.11.2011 *A8201087204D64B7CB28207F64BF;
23:42:44.285 04.11.2011 *8D4249C6904FC46C22CD20098A72;
23:42:44.642 04.11.2011 *02E61534CAC7AD;
23:42:44.809 04.11.2011 *5D4249C6F3FFDD;
23:42:44.925 04.11.2011 *5D4249C6F3FFDD;
23:42:44.980 04.11.2011 *20201534515E2D;
23:42:45.455 04.11.2011 *8F43BE8590AB40F718C8BA03254C;
23:42:45.968 04.11.2011 *2800062E4780F6;
23:42:45.983 04.11.2011 *282010873EB486;
23:42:46.037 04.11.2011 *200003B92993DB;
23:42:46.048 04.11.2011 *8D4240C9601F945B9AC1665DFEEC;
23:42:46.376 04.11.2011 *8F43BE8590AB445960943C79B6AB;
23:42:46.907 04.11.2011 *200003BB298FC0;
23:42:46.967 04.11.2011 *200003BB298FC0;
23:42:46.988 04.11.2011 *282010873EB486;
23:42:47.056 04.11.2011 *2800072A49BC4F;
23:42:47.166 04.11.2011 *200003BB298FC0;
23:42:47.476 04.11.2011 *8F43BE8590AB40F720C90F02596A;
23:42:47.918 04.11.2011 *2800072A49BC4F;
23:42:47.932 04.11.2011 *8D15770B90354103CED974DD1EAC;
23:42:47.937 04.11.2011 *02E61534CAC7AD;
23:42:47.952 04.11.2011 *28001422EC3C6E;
23:42:47.988 04.11.2011 *A8201087204D64B7CB28207F64BF;
23:42:48.018 04.11.2011 *02E61534CAC7AD;
23:42:48.055 04.11.2011 *20000A12AEA45A;
23:42:48.095 04.11.2011 *5D15770BF48AA2;
23:42:48.111 04.11.2011 *5F43BE85249EF7;
23:42:48.156 04.11.2011 *20000694B6E27A;
23:42:48.178 04.11.2011 *20000A13515053;
23:42:48.188 04.11.2011 *20201534515E2D;
23:42:48.448 04.11.2011 *8D4249C620554073D35820F035E6;
23:42:48.467 04.11.2011 *02E1953412FA4E;
23:42:48.526 04.11.2011 *5D4249C6F3FFDD;
23:42:48.952 04.11.2011 *2000069349325E;
23:42:49.013 04.11.2011 *02A18693C51246;
23:42:49.051 04.11.2011 *2800072A49BC4F;
23:42:49.581 04.11.2011 *8D4249C69051510A2B044094E1EB;
23:42:49.617 04.11.2011 *8F43BE859901B504880400ED6D4B;
23:42:49.693 04.11.2011 *8D4240C96021045BACC1B9395AF8;
23:42:50.041 04.11.2011 *5F43BE85249EF7;
23:42:50.173 04.11.2011 *20000411050447;
23:42:50.209 04.11.2011 *8D4240C9204C2271DF1820B9D585;
23:42:50.593 04.11.2011 *02E61534CAC7AD;
23:42:50.641 04.11.2011 *8D4249C69051646C22CDFCD38432;
23:42:50.794 04.11.2011 *8F43BE8590AB44597E94F0E264CF;
23:42:50.962 04.11.2011 *28001422EC3C6E;
23:42:51.044 04.11.2011 *8D15770B9035210482D9747E0D0B;
23:42:51.124 04.11.2011 *20000836B94E34;
23:42:51.676 04.11.2011 *8D48412E5843749782C1838C2368;
23:42:51.985 04.11.2011 *5F43BE85249EF7;
23:42:52.053 04.11.2011 *20201534515E2D;
23:42:52.512 04.11.2011 *5D4249C6F3FFDD;
23:42:52.682 04.11.2011 *8D4249C69051A46C22CE407FDDC9;
23:42:52.814 04.11.2011 *8D4240C96021645BBAC2017F4C6A;
23:42:53.129 04.11.2011 *2000083AB9066E;
23:42:53.375 04.11.2011 *02E1953412FA4E;
23:42:53.697 04.11.2011 *8D4249C69051B46C1ACE62B836B3;
23:42:53.871 04.11.2011 *8D43BE8590AB40F74CCA1F363AB5;
23:42:54.119 04.11.2011 *A800072A20554073D358201FB6C6;
23:42:54.171 04.11.2011 *2000041905742B;
23:42:54.738 04.11.2011 *8D43BE8590AB44599A95964C3C90;
23:42:55.055 04.11.2011 *20000A1EAEEC00;
23:42:55.182 04.11.2011 *20000A1EAEEC00;
23:42:55.182 04.11.2011 *20001534142204;
23:42:55.708 04.11.2011 *8D43BE8590AB40F75CCA6E1628A4;
23:42:55.960 04.11.2011 *2000063F4FBD74;
23:42:56.053 04.11.2011 *2800072A49BC4F;
23:42:56.125 04.11.2011 *2800072A49BC4F;
23:42:56.204 04.11.2011 *5D4249C6F3FFDD;
23:42:56.504 04.11.2011 *8D4249C69053046C1ACEC4800BEA;
23:42:56.522 04.11.2011 *8D43BE8590AB40F762CA8F36FB0A;
23:42:56.558 04.11.2011 *8D48412E584504974AC2033AE308;
23:42:56.960 04.11.2011 *2000063EB0497D;
23:42:57.147 04.11.2011 *8D48412E584514973CC22335B7B5;
23:42:57.275 04.11.2011 *02E61534CAC7AD;
23:42:57.569 04.11.2011 *8D43BE8590AB4459B2960A725A73;
23:42:57.712 04.11.2011 *8D48412E5845249738C243515141;
23:42:57.756 04.11.2011 *02A6063D1BBC94;
23:42:57.780 04.11.2011 *02A6063D1BBC94;
23:42:57.871 04.11.2011 *8D15770B9033D105CCD9744A4E5A;
23:42:57.976 04.11.2011 *2800062E4780F6;
23:42:58.986 04.11.2011 *20001534142204;
23:42:59.987 04.11.2011 *20001534142204;
23:43:00.053 04.11.2011 *20000A3550B5CE;
23:43:00.084 04.11.2011 *5D43BE85736451;
23:43:00.273 04.11.2011 *5D4249C6F3FFDD;
23:43:00.562 04.11.2011 *5D4240C9723E15;
23:43:00.615 04.11.2011 *8D43BE8590AB4459C8968412C213;
23:43:00.986 04.11.2011 *20001534142204;
23:43:01.054 04.11.2011 *20000A36AF5DDC;
23:43:01.662 04.11.2011 *8D43BE8590AB40F788CB6B6D00F0;
23:43:01.795 04.11.2011 *8D4249C69053710A2305F3796034;
23:43:02.042 04.11.2011 *2000043904B59B;
23:43:02.058 04.11.2011 *A800072A20554073D358201FB6C6;
23:43:02.284 04.11.2011 *8D4240C9602390F9A6F8F49527AA;
23:43:02.447 04.11.2011 *02A1843A777D91;
23:43:02.454 04.11.2011 *8D4240C99900F802C0C3037A0ABE;
23:43:02.541 04.11.2011 *02A1843A777D91;
23:43:02.820 04.11.2011 *8D4240C96023A45BE4C2EA3DEF6C;
23:43:02.915 04.11.2011 *2000043B04A980;
23:43:02.976 04.11.2011 *2000043B04A980;
23:43:02.991 04.11.2011 *20001534142204;
23:43:02.999 04.11.2011 *8D4240C99900F802C0C3037A0ABE;
23:43:03.049 04.11.2011 *2000043B04A980;
23:43:03.068 04.11.2011 *20000A3950FD94;
23:43:03.068 04.11.2011 *5D48412EF3AD2B;
23:43:03.587 04.11.2011 *5D4240C9723E15;
23:43:03.616 04.11.2011 *02A1843C7759BC;
23:43:03.636 04.11.2011 *02A1843C7759BC;
23:43:03.667 04.11.2011 *8D43BE8590AB40F798CBC0491BEE;
23:43:03.771 04.11.2011 *8D4249C69053A10A23063A18FB18;
23:43:03.827 04.11.2011 *8D4240C96023D45BEAC302E7CBBE;
23:43:03.886 04.11.2011 *5D43BE85736451;
23:43:03.916 04.11.2011 *2000043D048DAD;
23:43:03.976 04.11.2011 *2000043D048DAD;
23:43:03.987 04.11.2011 *02A1843D88ADB5;
23:43:03.994 04.11.2011 *A8001087204D64B7CB2820746A90;
23:43:04.001 04.11.2011 *5D4249C6F3FFDD;
23:43:04.109 04.11.2011 *2800062E4780F6;
23:43:04.201 04.11.2011 *A8001087204D64B7CB2820746A90;
23:43:04.465 04.11.2011 *02A1843E7745A7;
23:43:04.651 04.11.2011 *8D4249C69053B46C1ACFE0A499C5;
23:43:04.896 04.11.2011 *8D4240C99900F902C0BF026CBA62;
23:43:04.984 04.11.2011 *A800062E204C2271DF18201A8EAB;
23:43:04.997 04.11.2011 *20001534142204;
23:43:05.333 04.11.2011 *8D4240C99900FA02C0BF03965139;
23:43:05.462 04.11.2011 *8D43BE8590AB40F79ECC0E4B1309;
23:43:05.734 04.11.2011 *5D43BE85736451;
23:43:05.752 04.11.2011 *8D4249C69053D10A2306828DEA7C;
23:43:05.997 04.11.2011 *20001534142204;
23:43:06.015 04.11.2011 *5D4249C6F3FFDD;
23:43:06.452 04.11.2011 *8D43BE8590AB40F7A6CC38BC8C7D;
23:43:06.471 04.11.2011 *02C60A3E34B430;
23:43:06.596 04.11.2011 *02E61534CAC7AD;
23:43:06.794 04.11.2011 *02A184938E3E84;
23:43:06.866 04.11.2011 *8D4240C99900FA02C0BF0269A530;
23:43:06.874 04.11.2011 *8D4240C96025345BF6C34978D682;
23:43:06.978 04.11.2011 *20000493021E9C;
23:43:06.990 04.11.2011 *2800072A49BC4F;
23:43:07.056 04.11.2011 *A800062E204C2271DF18201A8EAB;
23:43:07.120 04.11.2011 *20000493021E9C;
23:43:07.872 04.11.2011 *8D4249C69055046C12D04E639222;
23:43:07.998 04.11.2011 *280010877BC8AF;
23:43:08.067 04.11.2011 *280010877BC8AF;
23:43:08.180 04.11.2011 *5D48412EF3AD2B;
23:43:08.201 04.11.2011 *5D4249C6F3FFDD;
23:43:08.258 04.11.2011 *8D4249C620554073D35820F035E6;
23:43:08.298 04.11.2011 *8D43BE8590AB40F7B6CC8467A79F;
23:43:08.460 04.11.2011 *02C60A91CDD308;
23:43:08.892 04.11.2011 *8D4249C69055146C12D0725257F0;
23:43:09.203 04.11.2011 *280010877BC8AF;
23:43:09.382 04.11.2011 *5D4240C9723E15;
23:43:09.433 04.11.2011 *8D4240C99900FB02E0BD0233C8D7;
23:43:09.463 04.11.2011 *02C60A92323B1A;
23:43:09.943 04.11.2011 *5D4249C6F3FFDD;
23:43:10.061 04.11.2011 *02C18A9315F2F0;
23:43:10.127 04.11.2011 *2800062E4780F6;
23:43:10.135 04.11.2011 *20000A93565693;
23:43:10.480 04.11.2011 *8D4240C99900FC02E0C2033D502F;
23:43:10.547 04.11.2011 *8D4240C9204C2271DF1820B9D585;
23:43:10.689 04.11.2011 *5D4240C9723E15;
23:43:11.187 04.11.2011 *2800062E4780F6;
23:43:11.219 04.11.2011 *02A1849C719ECC;
23:43:11.452 04.11.2011 *8D4240C96025C0F9CEF9D4F71AFE;
23:43:11.762 04.11.2011 *5D4240C9723E15;
23:43:11.792 04.11.2011 *02A1849D8E6AC5;
23:43:11.846 04.11.2011 *8D4249C699017280607800387C7A;
23:43:12.442 04.11.2011 *8D4240C96025E0F9D2F9EC13A526;
23:43:12.461 04.11.2011 *02A1849E7182D7;
23:43:12.727 04.11.2011 *02A1849F8E76DE;
23:43:12.784 04.11.2011 *02A1849F8E76DE;
23:43:12.844 04.11.2011 *8D4249C69055746C12D0FEF6F32A;
23:43:13.186 04.11.2011 *A800062E204C2271DF18201A8EAB;
23:43:13.448 04.11.2011 *8D4240C99900FC02E0C702F49FA6;
23:43:13.781 04.11.2011 *02A184B18FE32F;
23:43:13.836 04.11.2011 *5D4240C9723E15;
23:43:13.873 04.11.2011 *8D4240C96027145C14C3F0184E4F;
23:43:13.903 04.11.2011 *8D48412E5849449664C4447164D6;
23:43:13.999 04.11.2011 *20000914B69E1F;
23:43:14.117 04.11.2011 *5D4249C6F3FFDD;
23:43:14.621 04.11.2011 *8D4249C69055946C12D13E250243;
23:43:15.040 04.11.2011 *02C18A99159E87;
23:43:15.050 04.11.2011 *8D4249C6990174;
23:43:15.238 04.11.2011 *5D4240C9723E15;
23:43:15.586 04.11.2011 *8D4249C699017580606C00E9A610;
23:43:15.934 04.11.2011 *20000A9AA9D2F6;
23:43:16.636 04.11.2011 *8D4240C96027745C22C43221DC8B;
23:43:16.933 04.11.2011 *20000A9B5626FF;
23:43:16.940 04.11.2011 *5D4249C6F3FFDD;
23:43:17.066 04.11.2011 *A800062E204C2271DF18201A8EAB;
23:43:17.141 04.11.2011 *2800072A49BC4F;
23:43:17.156 04.11.2011 *8D4240C96027845C24C43F1B4CF7;
23:43:17.195 04.11.2011 *A800062E204C2271DF18201A8EAB;
23:43:17.206 04.11.2011 *20000A9B5626FF;
23:43:17.701 04.11.2011 *8D4240C9602790F9EAFA6E76CDC1;
23:43:17.774 04.11.2011 *5D4240C9723E15;
23:43:17.782 04.11.2011 *02A604B957AEA0;
23:43:18.152 04.11.2011 *8D4240C96027A45C28C45721D487;
23:43:18.228 04.11.2011 *8D4249C69055D46C12D1BCE0AB18;
23:43:18.649 04.11.2011 *02A184BB8F8F58;
23:43:18.697 04.11.2011 *8D4240C99900FF02E0BB021BCEEF;
23:43:18.924 04.11.2011 *200004BCFC7F64;
23:43:18.937 04.11.2011 *20000A9D5602D2;
23:43:18.989 04.11.2011 *200004BCFC7F64;
23:43:19.073 04.11.2011 *20000A9D5602D2;
23:43:19.141 04.11.2011 *20000A9D5602D2;
23:43:19.834 04.11.2011 *02A184BE704367;
23:43:20.926 04.11.2011 *20000510F4FDCE;
23:43:20.944 04.11.2011 *02A1851078DDD6;
23:43:20.990 04.11.2011 *A800062E204C2271DF18201A8EAB;
23:43:21.047 04.11.2011 *5D4240C9723E15;
23:43:21.068 04.11.2011 *A800062E204C2271DF18201A8EAB;
23:43:21.082 04.11.2011 *2800072A49BC4F;
23:43:21.089 04.11.2011 *5D48412EF3AD2B;
23:43:21.134 04.11.2011 *5D4240C9723E15;
23:43:21.142 04.11.2011 *A800062E204C2271DF18201A8EAB;
23:43:21.190 04.11.2011 *02A1851078DDD6;
23:43:21.318 04.11.2011 *8D4240C999010002E0B9020A444E;
23:43:21.926 04.11.2011 *20000512F4E1D5;
23:43:21.980 04.11.2011 *5D4249C6F3FFDD;
23:43:21.999 04.11.2011 *02A1851278C1CD;
23:43:22.034 04.11.2011 *02A1851278C1CD;
23:43:22.130 04.11.2011 *20000512F4E1D5;
23:43:22.142 04.11.2011 *20000AB1578B38;
23:43:22.204 04.11.2011 *20000512F4E1D5;
23:43:22.684 04.11.2011 *8D4240C999010102E0B902094E80;
23:43:22.747 04.11.2011 *02A185138735C4;
23:43:22.901 04.11.2011 *8D48412E991152894098866A0E18;
23:43:23.270 04.11.2011 *8D4240C96029445C3EC4D366066D;
23:43:23.478 04.11.2011 *02C60AB233FAAA;
23:43:23.646 04.11.2011 *8D4249C69057246C0AD27CB9B3A4;
23:43:23.847 04.11.2011 *5D4249C6F3FFDD;
23:43:24.001 04.11.2011 *2800072A49BC4F;
23:43:24.217 04.11.2011 *8D4249C69057346C0AD2928C0F15;
23:43:24.463 04.11.2011 *02C60AB3CC0EA3;
23:43:24.693 04.11.2011 *8D4249C69057346C0AD2A08D3266;
23:43:25.169 04.11.2011 *02C18938F4B396;
23:43:25.464 04.11.2011 *02C60AB433DE87;
23:43:25.731 04.11.2011 *8D4249C699017B;
23:43:25.756 04.11.2011 *5D4249C6F3FFDD;
23:43:26.708 04.11.2011 *8D4249C69057546C0AD2E82D2B2A;
23:43:27.684 04.11.2011 *8D4249C699017C80806800EF4C78;
23:43:27.724 04.11.2011 *02A1851E788997;
23:43:27.948 04.11.2011 *5D48412EF3AD2B;
23:43:27.958 04.11.2011 *02C6093C2CB643;
23:43:28.001 04.11.2011 *2800062E4780F6;
23:43:28.068 04.11.2011 *8D4240C96029E0FA1AFB7207C593;
23:43:28.076 04.11.2011 *2000051EF4A98F;
23:43:28.727 04.11.2011 *8D4249C699017C80806C00D77A78;
23:43:29.053 04.11.2011 *8D4240C999010202E0C70105ECDB;
23:43:29.073 04.11.2011 *A800062E204C2271DF18201A8EAB;
23:43:29.151 04.11.2011 *A800062E204C2271DF18201A8EAB;
23:43:29.221 04.11.2011 *200005310AC877;
23:43:29.392 04.11.2011 *5D4249C6F3FFDD;
23:43:29.525 04.11.2011 *02A1853186E86F;
23:43:29.629 04.11.2011 *8D4240C99901030300C701089B90;
23:43:29.772 04.11.2011 *5D4240C9723E15;
23:43:29.873 04.11.2011 *5D4240C9723E15;
23:43:29.945 04.11.2011 *20000AB957FB54;
23:43:30.221 04.11.2011 *200005330AD46C;
23:43:30.502 04.11.2011 *8D4240C99901030300C30130AD90;
23:43:30.609 04.11.2011 *5D4240C9723E15;
23:43:30.689 04.11.2011 *5D4240C9723E15;
23:43:30.888 04.11.2011 *8D4249C699017E80606800CCD932;
23:43:31.022 04.11.2011 *02A18534792450;
23:43:31.027 04.11.2011 *8D4240C9602B40FA28FBBD710224;
23:43:31.060 04.11.2011 *8D4240C99901030300C30130AD90;
23:43:31.075 04.11.2011 *A800062E204C2271DF18201A8EAB;
23:43:31.149 04.11.2011 *A800062E204C2271DF18201A8EAB;
23:43:31.222 04.11.2011 *200005350AF041;
23:43:31.318 04.11.2011 *02A1853586D059;
23:43:31.474 04.11.2011 *5D4249C6F3FFDD;
23:43:31.587 04.11.2011 *8D4240C9602B50FA2AFBCB588063;
23:43:31.815 04.11.2011 *02A1853679384B;
23:43:31.820 04.11.2011 *02A1853679384B;
23:43:31.874 04.11.2011 *5D4240C9723E15;
23:43:31.884 04.11.2011 *8D4249C69057B46C0AD3A4F994D9;
23:43:33.647 04.11.2011 *02A1853A797011;
23:43:34.074 04.11.2011 *2000053AF55009;
23:43:34.152 04.11.2011 *2000053B0AA400;
23:43:34.218 04.11.2011 *2000053B0AA400;
23:43:34.231 04.11.2011 *20000ABEA82B70;
23:43:34.274 04.11.2011 *8D4240C9602BB0FA36FC0F2BD320;
23:43:34.550 04.11.2011 *5D4240C9723E15;
23:43:34.719 04.11.2011 *8D4249C69057E10A150AAA0A4565;
23:43:34.775 04.11.2011 *8D4240C9602BC45C74C5EC065331;
23:43:34.825 04.11.2011 *8F43BE8590AB445AB49C04FE65B1;
23:43:34.943 04.11.2011 *20000ABEA82B70;
23:43:34.979 04.11.2011 *02A1853C79543C;
23:43:34.992 04.11.2011 *02A1853C79543C;
23:43:35.002 04.11.2011 *02A1853C79543C;
23:43:35.002 04.11.2011 *02C18ABEEB8F13;
23:43:35.008 04.11.2011 *20000ABEA82B70;
23:43:35.017 04.11.2011 *2800123B6A43F6;
23:43:35.071 04.11.2011 *5D48412EF3AD2B;
23:43:35.071 04.11.2011 *5D48412EF3AD2B;
23:43:35.080 04.11.2011 *5D48412EF3AD2B;
23:43:35.088 04.11.2011 *20000ABF57DF79;
23:43:35.097 04.11.2011 *5D48412EF3AD2B;
23:43:35.121 04.11.2011 *5D4240C9723E15;
23:43:35.123 04.11.2011 *02C18ABF147B1A;
23:43:35.169 04.11.2011 *2800123B6A43F6;
23:43:35.179 04.11.2011 *02C18996F220A7;
23:43:35.775 04.11.2011 *8D4240C99901050300B782585FFD;
23:43:36.151 04.11.2011 *2000053EF5683F;
23:43:36.218 04.11.2011 *2000053EF5683F;
23:43:36.256 04.11.2011 *8D4240C99901050300B781A7B7EF;
23:43:36.716 04.11.2011 *5D4249C6F3FFDD;
23:43:36.942 04.11.2011 *20000B115F41C8;
23:43:37.231 04.11.2011 *20000B115F41C8;
23:43:37.454 04.11.2011 *8D4249C69059146C0AD470A40B1D;
23:43:38.154 04.11.2011 *20000B12A0A9DA;
23:43:38.213 04.11.2011 *2800062E4780F6;
23:43:38.241 04.11.2011 *5D4240C9723E15;
23:43:38.552 04.11.2011 *02A18593803304;
23:43:38.620 04.11.2011 *02A18593803304;
23:43:38.815 04.11.2011 *02A18593803304;
23:43:38.925 04.11.2011 *200005930C131C;
23:43:39.012 04.11.2011 *8D4249C699018280607000A1C5D3;
23:43:39.122 04.11.2011 *8D4240C9602D445C88C658F7369B;
23:43:39.138 04.11.2011 *20000594F3C338;
23:43:39.545 04.11.2011 *02C1899CF24CD0;
23:43:39.739 04.11.2011 *5D4249C6F3FFDD;
23:43:39.911 04.11.2011 *8D4249C6905944;
23:43:39.926 04.11.2011 *200005950C3731;
23:43:39.992 04.11.2011 *2800062E4780F6;
23:43:40.032 04.11.2011 *8D4240C9602D50FA52FCA332384B;
23:43:40.075 04.11.2011 *200005950C3731;
23:43:40.129 04.11.2011 *02A60595582ACA;
23:43:40.553 04.11.2011 *8D4240C9204C2271DF1820B9D585;
23:43:40.924 04.11.2011 *5D4249C6F3FFDD;
23:43:40.937 04.11.2011 *20000B155F79FE;
23:43:41.002 04.11.2011 *20000B155F79FE;
23:43:41.080 04.11.2011 *20000B155F79FE;
23:43:41.088 04.11.2011 *8D4240C9602D745C92C689F51C50;
23:43:41.141 04.11.2011 *A800062E204C2271DF18201A8EAB;
23:43:41.347 04.11.2011 *8D4249C699018380807000874FCB;
23:43:41.603 04.11.2011 *8D4240C99901080320A382D2BA52;
23:43:41.921 04.11.2011 *8D48412E584F0494CEC7CE15EBBE;
23:43:41.926 04.11.2011 *200005990C7F6B;
23:43:41.993 04.11.2011 *200005990C7F6B;
23:43:42.009 04.11.2011 *20000B16A091EC;
23:43:42.073 04.11.2011 *200005990C7F6B;
23:43:42.086 04.11.2011 *20000B175F65E5;
23:43:42.137 04.11.2011 *2800062E4780F6;
23:43:42.373 04.11.2011 *8D4249C69059710A0D0BC7684754;
23:43:42.433 04.11.2011 *02A60599586290;
23:43:42.444 04.11.2011 *5D4240C9723E15;
23:43:42.986 04.11.2011 *2000059AF39779;
23:43:43.074 04.11.2011 *2000059AF39779;
23:43:43.142 04.11.2011 *A800062E204C2271DF18201A8EAB;
23:43:43.184 04.11.2011 *2000059B0C6370;
23:43:43.218 04.11.2011 *8D4240C999010A0320A382D4AFCE;
23:43:43.348 04.11.2011 *8D48412E584F1494BEC7F1C90615;
23:43:43.532 04.11.2011 *5D48412EF3AD2B;
23:43:43.558 04.11.2011 *02A1859B804368;
23:43:43.618 04.11.2011 *5D4240C9723E15;
23:43:43.650 04.11.2011 *8D4240C9602DB45C9EC6CAE8A4A7;
23:43:43.669 04.11.2011 *02A1859B804368;
23:43:43.923 04.11.2011 *2000059CF3B354;
23:43:43.936 04.11.2011 *20000B195F31A4;
23:43:43.990 04.11.2011 *2000059CF3B354;
23:43:44.057 04.11.2011 *2000059CF3B354;
23:43:44.070 04.11.2011 *20000B195F31A4;
23:43:44.121 04.11.2011 *2000059CF3B354;
23:43:44.137 04.11.2011 *2800072A49BC4F;
23:43:44.144 04.11.2011 *8D4240C9602DC0FA66FD0DDFF02E;
23:43:44.186 04.11.2011 *2000059CF3B354;
23:43:44.433 04.11.2011 *02A6059D585AA6;
23:43:44.516 04.11.2011 *02A1859D806745;
23:43:44.538 04.11.2011 *5D4240C9723E15;
23:43:44.643 04.11.2011 *02C18B1AE37DD5;
23:43:44.652 04.11.2011 *02A1859D806745;
23:43:44.795 04.11.2011 *5D4240C9723E15;
23:43:44.899 04.11.2011 *8D4249C69059A46C04D57EC36F7B;
23:43:44.931 04.11.2011 *A800062E204C2271DF18201A8EAB;
23:43:44.988 04.11.2011 *A800062E204C2271DF18201A8EAB;
23:43:45.001 04.11.2011 *02C18B1AE37DD5;
23:43:45.016 04.11.2011 *02A6059EA7B2B4;
23:43:45.063 04.11.2011 *2000059EF3AF4F;
23:43:45.312 04.11.2011 *8D4249C6990185;
23:43:45.699 04.11.2011 *5D4240C9723E15;
23:43:45.727 04.11.2011 *5D4249C6F3FFDD;
23:43:45.925 04.11.2011 *2800062E4780F6;
23:43:46.019 04.11.2011 *02A185B07E1AA6;
23:43:46.139 04.11.2011 *2800072A49BC4F;
23:43:46.794 04.11.2011 *8D4249C69059C10A0D0C6E9042E8;
23:43:46.938 04.11.2011 *20000B1D5F0992;
23:43:47.185 04.11.2011 *2800062E4780F6;
23:43:47.191 04.11.2011 *02A605B2A63B5E;
23:43:47.662 04.11.2011 *02C189B70C151E;
23:43:47.756 04.11.2011 *02A185B381F2B4;
23:43:47.928 04.11.2011 *200005B30DD2AC;
23:43:47.990 04.11.2011 *200005B30DD2AC;
23:43:48.478 04.11.2011 *8D4240C999010D0320A982B1ECA4;
23:43:48.618 04.11.2011 *5D4249C6F3FFDD;
23:43:48.688 04.11.2011 *8D48412E99115D8A208085A7B39E;
23:43:48.768 04.11.2011 *02A185B581D699;
23:43:48.772 04.11.2011 *02A185B581D699;
23:43:48.828 04.11.2011 *8D4240C9602F50FA7EFD88CB5B0D;
23:43:48.928 04.11.2011 *200005B50DF681;
23:43:48.940 04.11.2011 *2800072A49BC4F;
23:43:48.992 04.11.2011 *200005B50DF681;
23:43:49.057 04.11.2011 *200005B50DF681;
23:43:49.067 04.11.2011 *20000B1F5F1589;
23:43:49.135 04.11.2011 *20000B1F5F1589;
23:43:49.186 04.11.2011 *A800062E204C2271DF18201A8EAB;
23:43:49.937 04.11.2011 *A800072A20554073D358201FB6C6;
23:43:50.076 04.11.2011 *A800072A20554073D358201FB6C6;
23:43:50.135 04.11.2011 *A800072A20554073D358201FB6C6;
23:43:50.410 04.11.2011 *5D4249C6F3FFDD;
23:43:50.933 04.11.2011 *2800062E4780F6;
23:43:50.941 04.11.2011 *20000B32A1686A;
23:43:50.992 04.11.2011 *2800062E4780F6;
23:43:50.998 04.11.2011 *02A185B9819EC3;
23:43:51.002 04.11.2011 *02A185B9819EC3;
23:43:51.013 04.11.2011 *02A185B9819EC3;
23:43:51.057 04.11.2011 *200005B90DBEDB;
23:43:51.069 04.11.2011 *20000B32A1686A;
23:43:51.129 04.11.2011 *200005B90DBEDB;
23:43:51.137 04.11.2011 *20000B32A1686A;
23:43:51.185 04.11.2011 *200005B90DBEDB;
23:43:51.285 04.11.2011 *5D4249C6F3FFDD;
23:43:51.325 04.11.2011 *8D4240C999010F0320AF8293D438;
23:43:51.801 04.11.2011 *8D4240C999010F0320AF8293D438;
23:43:51.820 04.11.2011 *8D4240C9602FA45CC6C79AF9C018;
23:43:51.984 04.11.2011 *5D4249C6F3FFDD;
23:43:51.993 04.11.2011 *200005BAF256C9;
23:43:52.008 04.11.2011 *02A185BA7E76D1;
23:43:52.057 04.11.2011 *200005BB0DA2C0;
23:43:52.068 04.11.2011 *20000B34A14C47;
23:43:52.076 04.11.2011 *2800123B6A43F6;
23:43:52.141 04.11.2011 *20000B34A14C47;
23:43:52.186 04.11.2011 *200005BB0DA2C0;
23:43:52.391 04.11.2011 *8D4240C9602FB0FA90FDE677EF8D;
23:43:52.685 04.11.2011 *02A185BC7E52FC;
23:43:52.691 04.11.2011 *02A185BC7E52FC;
23:43:52.919 04.11.2011 *8D4240C9602FC0FA92FDF4FFFD6C;
23:43:52.930 04.11.2011 *200005BCF272E4;
23:43:52.984 04.11.2011 *02C18B351D1C2D;
23:43:52.988 04.11.2011 *200005BCF272E4;
23:43:52.998 04.11.2011 *20000B355EB84E;
23:43:53.068 04.11.2011 *20000B355EB84E;
23:43:53.138 04.11.2011 *2800072A49BC4F;
23:43:53.197 04.11.2011 *2800072A49BC4F;
23:43:53.562 04.11.2011 *02A185BD81A6F5;
23:43:53.660 04.11.2011 *02A185BE7E4EE7;
23:43:53.828 04.11.2011 *02A185BE7E4EE7;
23:43:53.858 04.11.2011 *8D4240C9602FE45CD0C7CEC99580;
23:43:53.865 04.11.2011 *8D4240C99901100320AD82AE01C2;
23:43:53.989 04.11.2011 *2800062E4780F6;
23:43:54.060 04.11.2011 *200005BEF26EFF;
23:43:54.086 04.11.2011 *02A605BEA67304;
23:43:54.129 04.11.2011 *2800062E4780F6;
23:43:54.630 04.11.2011 *02C18A1118E0C3;
23:43:54.691 04.11.2011 *02A185BF81BAEE;
23:43:54.813 04.11.2011 *02A186106ACB56;
23:43:54.929 04.11.2011 *20000610E6EB4E;
23:43:54.988 04.11.2011 *20000610E6EB4E;
23:43:55.127 04.11.2011 *A800062E204C2271DF18201A8EAB;
23:43:55.188 04.11.2011 *20000610E6EB4E;
23:43:55.372 04.11.2011 *5D4240C9723E15;
23:43:55.988 04.11.2011 *20000612E6F755;
23:43:56.027 04.11.2011 *02A60612B2EAAE;
23:43:56.067 04.11.2011 *2800062E4780F6;
23:43:56.475 04.11.2011 *8D4240C9603130FAA4FE5273F50C;
23:43:56.764 04.11.2011 *8D4240C99901110320AE8340E985;
23:43:56.849 04.11.2011 *02A186146AF360;
23:43:56.928 04.11.2011 *A800062E204C2271DF18201A8EAB;
23:43:57.000 04.11.2011 *2800072A49BC4F;
23:43:57.126 04.11.2011 *20000614E6D378;
23:43:57.195 04.11.2011 *20000614E6D378;
23:43:57.203 04.11.2011 *2800072A49BC4F;
23:43:57.463 04.11.2011 *5D4240C9723E15;
23:43:57.991 04.11.2011 *20000616E6CF63;
23:43:58.075 04.11.2011 *20000B3CA13C2B;
23:43:58.271 04.11.2011 *8D4240C99901120320B18200965E;
23:43:58.380 04.11.2011 *5D4240C9723E15;
23:43:58.867 04.11.2011 *8D4240C96031745CE8C850ED272A;
23:43:59.064 04.11.2011 *20000618E69B22;
23:43:59.075 04.11.2011 *20000B3EA12030;
23:43:59.126 04.11.2011 *2800062E4780F6;
23:43:59.133 04.11.2011 *02A186186ABB3A;
23:43:59.133 04.11.2011 *02A60618B286D9;
23:43:59.160 04.11.2011 *5D4249C6F3FFDD;
23:43:59.268 04.11.2011 *5D4240C9723E15;
23:43:59.290 04.11.2011 *8D4240C9603180FAB2FE9EADE349;
23:43:59.746 04.11.2011 *8D4240C99901120320B98270FA5E;
23:43:59.927 04.11.2011 *2000061AE68739;
23:43:59.990 04.11.2011 *2800062E4780F6;
23:44:00.029 04.11.2011 *02C18B3F1D705A;
23:44:00.064 04.11.2011 *2800062E4780F6;
23:44:00.074 04.11.2011 *20001534142204;
23:44:00.125 04.11.2011 *2000061AE68739;
23:44:00.192 04.11.2011 *2000061AE68739;
23:44:00.232 04.11.2011 *8D4240C96031A45CF0C8732864F9;
23:44:00.929 04.11.2011 *2000061CE6A314;
23:44:00.996 04.11.2011 *2000061CE6A314;
23:44:01.062 04.11.2011 *5D4249C6F3FFDD;
23:44:01.093 04.11.2011 *8D4249C6905D046BFCD7D6ACED83;
23:44:02.069 04.11.2011 *2800062E4780F6;
23:44:02.149 04.11.2011 *20000A1CA4F8F3;
23:44:02.200 04.11.2011 *20000B92A7AF1A;
23:44:02.250 04.11.2011 *8D4240C96031E0FAC0FEEDFA2BFA;
23:44:02.660 04.11.2011 *02C18A1CE75C90;
23:44:02.822 04.11.2011 *02A186306B0AE6;
23:44:02.915 04.11.2011 *02C60B93C3C293;
23:44:02.927 04.11.2011 *5D4249C6F3FFDD;
23:44:02.997 04.11.2011 *20000630E72AFE;
23:44:03.064 04.11.2011 *20000630E72AFE;
23:44:03.071 04.11.2011 *20000B94A78B37;
23:44:03.074 04.11.2011 *280010877BC8AF;
23:44:03.127 04.11.2011 *20000630E72AFE;
23:44:03.141 04.11.2011 *20000B94A78B37;
23:44:03.237 04.11.2011 *8D4249C6905D446BFCD82831E20A;
23:44:03.269 04.11.2011 *8D4240C96033145CFEC8C2AD32D2;
23:44:03.393 04.11.2011 *8D48412E5851D1323500DE01013B;
23:44:03.493 04.11.2011 *02E1953412FA4E;
23:44:03.506 04.11.2011 *02C60A1E3F7D68;
23:44:03.544 04.11.2011 *02A1863194FEEF;
23:44:03.936 04.11.2011 *20000632E736E5;
23:44:03.968 04.11.2011 *8D43BE859901B1044004005FFA74;
23:44:03.999 04.11.2011 *2800062E4780F6;
23:44:04.021 04.11.2011 *02A186326B16FD;
23:44:04.068 04.11.2011 *20000632E736E5;
23:44:04.096 04.11.2011 *5D4249C6F3FFDD;
23:44:04.136 04.11.2011 *2800062E4780F6;
23:44:04.202 04.11.2011 *20001534142204;
23:44:04.335 04.11.2011 *8D4249C6905D610A050F0EDE0E23;
23:44:04.440 04.11.2011 *8D48412E5851F13225010348C840;
23:44:04.671 04.11.2011 *02C18B96E4334F;
23:44:04.675 04.11.2011 *02C18B96E4334F;
23:44:04.744 04.11.2011 *8D4249C6905D610A050F1F211AF2;
23:44:04.850 04.11.2011 *8D4240C99901130320CD83162682;
23:44:04.953 04.11.2011 *5D4249C6F3FFDD;
23:44:04.993 04.11.2011 *A800062E204C2271DF18201A8EAB;
23:44:05.072 04.11.2011 *20000B97586325;
23:44:05.076 04.11.2011 *20001534142204;
23:44:05.135 04.11.2011 *A800062E204C2271DF18201A8EAB;
23:44:05.144 04.11.2011 *2800072A49BC4F;
23:44:05.196 04.11.2011 *2000063518E6C1;
23:44:05.660 04.11.2011 *02A186366B2ECB;
23:44:05.852 04.11.2011 *8D4240C99901130320D283ACB202;
23:44:05.931 04.11.2011 *2000063718FADA;
23:44:06.009 04.11.2011 *5D43BE85736451;
23:44:06.062 04.11.2011 *2000063718FADA;
23:44:06.074 04.11.2011 *20001534142204;
23:44:06.133 04.11.2011 *2000063718FADA;
23:44:06.202 04.11.2011 *20001534142204;
23:44:06.937 04.11.2011 *2800062E4780F6;
23:44:07.017 04.11.2011 *2800123B6A43F6;
23:44:07.132 04.11.2011 *A800062E204C2271DF18201A8EAB;
23:44:07.135 04.11.2011 *5D4249C6F3FFDD;
23:44:07.151 04.11.2011 *02A606394CB360;
23:44:07.190 04.11.2011 *2000063918AE9B;
23:44:07.281 04.11.2011 *8D4249C6905DA46BF4D8BC81E765;
23:44:07.363 04.11.2011 *8D4240C96033A0FADAFF76731D2B;
23:44:07.376 04.11.2011 *8D4240C99901130320D283ACB202;
23:44:07.825 04.11.2011 *02A1863B949298;
23:44:07.837 04.11.2011 *8D4249C699018980A0980017C031;
23:44:07.873 04.11.2011 *8D4240C96033B45D14C93AC65630;
23:44:07.933 04.11.2011 *2000063B18B280;
23:44:08.062 04.11.2011 *2000063B18B280;
23:44:08.133 04.11.2011 *2000063CE762A4;
23:44:08.139 04.11.2011 *20000B9CA7FB5B;
23:44:08.190 04.11.2011 *2000063CE762A4;
23:44:08.391 04.11.2011 *5D4240C9723E15;
23:44:08.564 04.11.2011 *02A1863C6B42BC;
23:44:08.665 04.11.2011 *02A1863D94B6B5;
23:44:08.809 04.11.2011 *8D4240C96033D0FAE2FF9DEC1DD4;
23:44:08.925 04.11.2011 *02A1863D94B6B5;
23:44:08.937 04.11.2011 *2000063D1896AD;
23:44:08.994 04.11.2011 *A800062E204C2271DF18201A8EAB;
23:44:09.130 04.11.2011 *A800062E204C2271DF18201A8EAB;
23:44:09.196 04.11.2011 *A800062E204C2271DF18201A8EAB;
23:44:09.260 04.11.2011 *8D4249C6905DD46BF4D9081AB3DB;
23:44:09.284 04.11.2011 *8D48412E5853649320CB576241E4;
23:44:09.358 04.11.2011 *8D4240C99901130320D283ACB202;
23:44:09.736 04.11.2011 *02A6063F4C974D;
23:44:09.932 04.11.2011 *2000063F188AB6;
23:44:09.994 04.11.2011 *2800062E4780F6;
23:44:10.064 04.11.2011 *20000690E1ED8E;
23:44:10.081 04.11.2011 *A8001087204D64B7CB2820746A90;
23:44:10.122 04.11.2011 *02A60690B5F075;
23:44:10.137 04.11.2011 *2800062E4780F6;
23:44:10.394 04.11.2011 *02A60690B5F075;
23:44:10.458 04.11.2011 *8D4240C9603510FAEAFFC9070CAC;
23:44:10.562 04.11.2011 *02A1869192399F;
23:44:10.618 04.11.2011 *5D4240C9723E15;
23:44:10.654 04.11.2011 *02A1869192399F;
23:44:10.667 04.11.2011 *02E1953412FA4E;
23:44:10.931 04.11.2011 *20000692E1F195;
23:44:10.993 04.11.2011 *20000692E1F195;
23:44:11.064 04.11.2011 *2800062E4780F6;
23:44:11.081 04.11.2011 *20001534142204;
23:44:11.142 04.11.2011 *20000BB0A672B1;
23:44:11.157 04.11.2011 *5D4249C6F3FFDD;
23:44:11.170 04.11.2011 *8D4249C699018980A0A400810638;
23:44:11.764 04.11.2011 *02E1953412FA4E;
23:44:11.935 04.11.2011 *20000694E1D5B8;
23:44:11.995 04.11.2011 *20000694E1D5B8;
23:44:12.076 04.11.2011 *20000BB2A66EAA;
23:44:12.081 04.11.2011 *A8001087204D64B7CB2820746A90;
23:44:12.112 04.11.2011 *8D43BE859901B10448040031587C;
23:44:12.135 04.11.2011 *2800062E4780F6;
23:44:12.180 04.11.2011 *8D4249C6905F2109FF103BBCB5E0;
23:44:12.192 04.11.2011 *20000694E1D5B8;
23:44:12.274 04.11.2011 *8D4240C99901130320D284536226;
23:44:12.454 04.11.2011 *5D4240C9723E15;
23:44:12.744 04.11.2011 *02A60696B5D458;
23:44:12.933 04.11.2011 *20000696E1C9A3;
23:44:12.942 04.11.2011 *20000BB4A64A87;
23:44:13.071 04.11.2011 *20000696E1C9A3;
23:44:13.079 04.11.2011 *20000BB4A64A87;
23:44:13.085 04.11.2011 *5D4249C6F3FFDD;
23:44:13.134 04.11.2011 *200006971E3DAA;
23:44:13.140 04.11.2011 *20000BB4A64A87;
23:44:13.199 04.11.2011 *A800062E204C2271DF18201A8EAB;
23:44:13.452 04.11.2011 *8D4249C620554073D35820F035E6;
23:44:13.647 04.11.2011 *8D4249C6905F546BF4D9AA734394;
23:44:13.933 04.11.2011 *2800062E4780F6;
23:44:13.992 04.11.2011 *5D43BE85736451;
23:44:14.003 04.11.2011 *02C60BB63DCF1C;
23:44:14.076 04.11.2011 *02C60A3C3EA0C3;
23:44:14.082 04.11.2011 *20001534142204;
23:44:14.088 04.11.2011 *20000A3CA53943;
23:44:14.136 04.11.2011 *200006991E69EB;
23:44:14.210 04.11.2011 *280010877BC8AF;
23:44:14.213 04.11.2011 *8D4249C6905F6109FF1087786992;
23:44:14.392 04.11.2011 *8D4240C96035945D34C9E3275AB3;
23:44:14.397 04.11.2011 *8D4240C99901140300CF834675C1;
23:44:14.465 04.11.2011 *5D4240C9723E15;
23:44:14.822 04.11.2011 *8D4240C96035A0FAFF003E309783;
23:44:14.856 04.11.2011 *02A1869A6DA1E1;
23:44:14.968 04.11.2011 *8D43BE8590AB44;
23:44:14.985 04.11.2011 *02E61534CAC7AD;
23:44:15.006 04.11.2011 *20000BB759A295;
23:44:15.013 04.11.2011 *280010877BC8AF;
23:44:15.060 04.11.2011 *02C18BB8E5A6BE;
23:44:15.077 04.11.2011 *20000BB8A602DD;
23:44:15.082 04.11.2011 *280010877BC8AF;
23:44:15.131 04.11.2011 *2800062E4780F6;
23:44:15.192 04.11.2011 *8D4249C699018980A0AC00F16A38;
23:44:15.210 04.11.2011 *20001534142204;
23:44:15.382 04.11.2011 *5D4249C6F3FFDD;
23:44:15.512 04.11.2011 *5D4240C9723E15;
23:44:15.591 04.11.2011 *02A1869C6D85CC;
23:44:15.639 04.11.2011 *02A1869C6D85CC;
23:44:15.870 04.11.2011 *8D43BE8590AB40F986D7AE24819A;
23:44:15.962 04.11.2011 *5D43BE85736451;
23:44:15.995 04.11.2011 *2000069D1E51DD;
23:44:16.083 04.11.2011 *280010877BC8AF;
23:44:16.198 04.11.2011 *2000069D1E51DD;
23:44:16.206 04.11.2011 *2800072A49BC4F;
23:44:16.214 04.11.2011 *20001534142204;
23:44:16.246 04.11.2011 *8D4240C99901140300CF834675C1;
23:44:16.391 04.11.2011 *8D4240C96035E45D3CCA1832942D;
23:44:16.398 04.11.2011 *5D4249C6F3FFDD;
23:44:16.819 04.11.2011 *8D4240C99901140300CF84B9A5E5;
23:44:16.934 04.11.2011 *2000069F1E4DC6;
23:44:16.995 04.11.2011 *02A1869F926DDE;
23:44:17.010 04.11.2011 *20000BBB59EACF;
23:44:17.037 04.11.2011 *02C18BBB1A4EAC;
23:44:17.069 04.11.2011 *2000069F1E4DC6;
23:44:17.082 04.11.2011 *20000BBB59EACF;
23:44:17.132 04.11.2011 *2000069F1E4DC6;
23:44:17.142 04.11.2011 *2800072A49BC4F;
23:44:17.210 04.11.2011 *20000BBB59EACF;
23:44:17.420 04.11.2011 *8D4240C9603700FB0B0084DCC629;
23:44:17.875 04.11.2011 *02A186B193F82F;
23:44:17.875 04.11.2011 *02A186B193F82F;
23:44:17.966 04.11.2011 *8D48412E991167;
23:44:18.000 04.11.2011 *2800062E4780F6;
23:44:18.014 04.11.2011 *20000BBD59CEE2;
23:44:18.071 04.11.2011 *200006B11FD837;
23:44:18.199 04.11.2011 *2800062E4780F6;
23:44:18.209 04.11.2011 *20000BBD59CEE2;
23:44:18.359 04.11.2011 *8D4249C699018980A0B00059E838;
23:44:18.470 04.11.2011 *8D4240C96037245D46CA4EFB81FD;
23:44:18.660 04.11.2011 *5D4240C9723E15;
23:44:18.667 04.11.2011 *02A186B393E434;
23:44:18.671 04.11.2011 *02C60A93C7C7FB;
23:44:19.003 04.11.2011 *2800062E4780F6;
23:44:19.011 04.11.2011 *20000BBF59D2F9;
23:44:19.076 04.11.2011 *20000BBF59D2F9;
23:44:19.139 04.11.2011 *A800062E204C2271DF18201A8EAB;
23:44:19.143 04.11.2011 *2800072A49BC4F;
23:44:19.501 04.11.2011 *8D4240C9603750FB1500BCB097D3;
23:44:19.583 04.11.2011 *5D4240C9723E15;
23:44:19.640 04.11.2011 *02C18C10C93122;
23:44:19.761 04.11.2011 *8D4240C99901140320D384545BCC;
23:44:19.799 04.11.2011 *8D4249C690610109F7115E215235;
23:44:19.987 04.11.2011 *02C18C1136C52B;
23:44:20.009 04.11.2011 *2800072A49BC4F;
23:44:20.071 04.11.2011 *2800062E4780F6;
23:44:20.077 04.11.2011 *20000C11756148;
23:44:20.133 04.11.2011 *2800062E4780F6;
23:44:20.142 04.11.2011 *20000C11756148;
23:44:20.199 04.11.2011 *200006B6E00813;
23:44:20.206 04.11.2011 *20000C11756148;
23:44:20.234 04.11.2011 *02C18A951FDE35;
23:44:20.389 04.11.2011 *5D43BE85736451;
23:44:20.460 04.11.2011 *02A606B74BE1E1;
23:44:20.507 04.11.2011 *8D4240C9204C2271DF1820B9D585;
23:44:20.608 04.11.2011 *02A186B793DC02;
23:44:20.671 04.11.2011 *5D4240C9723E15;
23:44:20.940 04.11.2011 *A800062E204C2271DF18201A8EAB;
23:44:20.959 04.11.2011 *20000A975C664D;
23:44:21.077 04.11.2011 *20000C13757D53;
23:44:21.148 04.11.2011 *20000C13757D53;
23:44:21.205 04.11.2011 *20000C13757D53;
23:44:21.280 04.11.2011 *02A186B86C7C4A;
23:44:21.727 04.11.2011 *5D4249C6F3FFDD;
23:44:21.940 04.11.2011 *200006BAE04049;
23:44:22.010 04.11.2011 *A800072A20554073D358201FB6C6;
23:44:22.019 04.11.2011 *20000A98A3C605;
23:44:22.054 04.11.2011 *5D48412EF3AD2B;
23:44:22.069 04.11.2011 *2800062E4780F6;
23:44:22.077 04.11.2011 *20000C148AAD77;
23:44:22.086 04.11.2011 *A8001087204D64B7CB2820746A90;
23:44:22.126 04.11.2011 *8D43BE8590AB40F9ACD8B24E133B;
23:44:22.147 04.11.2011 *20000C1575597E;
23:44:22.206 04.11.2011 *20000C1575597E;
23:44:22.384 04.11.2011 *8D4249C690615109F711C12B0B05;
23:44:22.468 04.11.2011 *8D48412E58559130F9037B6D2A7B;
23:44:22.672 04.11.2011 *02C18A991F966F;
23:44:22.724 04.11.2011 *02E1953412FA4E;
23:44:22.796 04.11.2011 *8D4249C699018880C0B00095668D;
23:44:23.012 04.11.2011 *2800072A49BC4F;
23:44:23.079 04.11.2011 *20001534142204;
23:44:23.138 04.11.2011 *02E61534CAC7AD;
23:44:23.197 04.11.2011 *8D43BE859901B0044804003252B2;
23:44:23.205 04.11.2011 *20000C17754565;
23:44:23.208 04.11.2011 *280010877BC8AF;
23:44:23.295 04.11.2011 *8D4249C69061746BEEDB10C19B63;
23:44:23.419 04.11.2011 *8D4249C620554073D35820F035E6;
23:44:23.446 04.11.2011 *02E1953412FA4E;
23:44:23.733 04.11.2011 *8D4249C690617109F711F74B5780;
23:44:24.010 04.11.2011 *2800072A49BC4F;
23:44:24.078 04.11.2011 *20000C188AE52D;
23:44:24.081 04.11.2011 *20001534142204;
23:44:24.149 04.11.2011 *20000C188AE52D;
23:44:24.195 04.11.2011 *200006BF1F8C76;
23:44:24.241 04.11.2011 *5D43BE85736451;
23:44:24.573 04.11.2011 *5D4240C9723E15;
23:44:24.594 04.11.2011 *8D4240C96039045D64CAEEAAE325;
23:44:24.615 04.11.2011 *8D4249C699018880C0BC00DD3C8D;
23:44:24.726 04.11.2011 *02C18C1936B547;
23:44:24.732 04.11.2011 *02C18C1936B547;
23:44:24.953 04.11.2011 *2800072A49BC4F;
23:44:25.005 04.11.2011 *200007111712C7;
23:44:25.010 04.11.2011 *20001534142204;
23:44:25.081 04.11.2011 *280010877BC8AF;
23:44:25.149 04.11.2011 *20000C1A8AF936;
23:44:25.377 04.11.2011 *8D43BE8590AB445C00A4185DBDB0;
23:44:25.492 04.11.2011 *5D4249C6F3FFDD;
23:44:25.530 04.11.2011 *8D4240C96039245D68CB06997015;
23:44:25.626 04.11.2011 *8D4240C9204C2271DF1820B9D585;
23:44:25.794 04.11.2011 *02A60712BCE72E;
23:44:25.948 04.11.2011 *A800072A20554073D358201FB6C6;
23:44:25.964 04.11.2011 *00000000000000;
23:44:26.010 04.11.2011 *A800072A20554073D358201FB6C6;
23:44:26.084 04.11.2011 *A800072A20554073D358201FB6C6;
23:44:26.137 04.11.2011 *20000713170EDC;
23:44:26.141 04.11.2011 *5D43BE85736451;
23:44:26.197 04.11.2011 *2800062E4780F6;
23:44:26.209 04.11.2011 *20000C1D752912;
23:44:26.236 04.11.2011 *02A187139B2EC4;
23:44:26.304 04.11.2011 *5D4249C6F3FFDD;
23:44:26.564 04.11.2011 *5D4240C9723E15;
23:44:26.952 04.11.2011 *20000C1E8AC100;
23:44:26.994 04.11.2011 *02C18C1EC96563;
23:44:26.998 04.11.2011 *02C18C1EC96563;
23:44:27.008 04.11.2011 *20000C1E8AC100;
23:44:27.011 04.11.2011 *280010877BC8AF;
23:44:27.070 04.11.2011 *20000715172AF1;
23:44:27.081 04.11.2011 *2800072A49BC4F;
23:44:27.140 04.11.2011 *20000715172AF1;
23:44:27.196 04.11.2011 *20000715172AF1;
23:44:27.483 04.11.2011 *8D4240C96039645D72CB390D0C2F;
23:44:27.697 04.11.2011 *8D4249C699018780C0BC00CC5E97;
23:44:27.729 04.11.2011 *02E1953412FA4E;
23:44:27.951 04.11.2011 *20000C308B54F1;
23:44:28.000 04.11.2011 *200007171736EA;
23:44:28.010 04.11.2011 *2800072A49BC4F;
23:44:28.013 04.11.2011 *20001534142204;
23:44:28.070 04.11.2011 *2800062E4780F6;
23:44:28.086 04.11.2011 *280010877BC8AF;
23:44:28.087 04.11.2011 *8D4240C99901150320C384B78902;
23:44:28.140 04.11.2011 *200007171736EA;
23:44:28.149 04.11.2011 *20000C3174A0F8;
23:44:28.248 04.11.2011 *8D43BE8590AB445C16A48CABDE08;
23:44:28.546 04.11.2011 *5D4240C9723E15;
23:44:28.697 04.11.2011 *02C18AB2E1CFA1;
23:44:28.947 04.11.2011 *20000C328B48EA;
23:44:29.000 04.11.2011 *200007191762AB;
23:44:29.085 04.11.2011 *20000C328B48EA;
23:44:29.140 04.11.2011 *200007191762AB;
23:44:29.205 04.11.2011 *A800062E204C2271DF18201A8EAB;
23:44:29.490 04.11.2011 *5D4249C6F3FFDD;
23:44:29.693 04.11.2011 *02C18C34C8C8A4;
23:44:29.948 04.11.2011 *20000C348B6CC7;
23:44:29.985 04.11.2011 *02A6071B43634B;
23:44:30.085 04.11.2011 *A800072A20554073D358201FB6C6;
23:44:30.088 04.11.2011 *02C18C34C8C8A4;
23:44:30.217 04.11.2011 *8D4249C699018680C0B400BF3859;
23:44:30.365 04.11.2011 *5D4249C6F3FFDD;
23:44:30.643 04.11.2011 *8D4249C69063546BE6DC22F0C575;
23:44:30.705 04.11.2011 *02C18AB6E1F797;
23:44:30.707 04.11.2011 *02C18C35373CAD;
23:44:30.887 04.11.2011 *02A1871D9B7A85;
23:44:30.949 04.11.2011 *2800072A49BC4F;
23:44:31.019 04.11.2011 *20000AB6A253F4;
23:44:31.072 04.11.2011 *8D4249C699018680A0B40070BC22;
23:44:31.205 04.11.2011 *5D4249C6F3FFDD;
23:44:31.669 04.11.2011 *02C18C373720B6;
23:44:31.948 04.11.2011 *2800072A49BC4F;
23:44:32.011 04.11.2011 *8D4249C690638109EF1330E39298;
23:44:32.086 04.11.2011 *2800072A49BC4F;
23:44:32.150 04.11.2011 *02C6071F8CDF06;
23:44:32.674 04.11.2011 *5D4240C9723E15;
23:44:32.682 04.11.2011 *02C18C393774F7;
23:44:32.844 04.11.2011 *02C18731557714;
23:44:32.948 04.11.2011 *20000C3A8B3886;
23:44:33.023 04.11.2011 *8D4249C69063A109E7135511E7BF;
23:44:33.233 04.11.2011 *5D4249C6F3FFDD;
23:44:33.428 04.11.2011 *8D4249C69063A109E71366EF2EC5;
23:44:33.533 04.11.2011 *02C18732AA9F06;
23:44:33.554 04.11.2011 *02C60ABA39822E;
23:44:33.599 04.11.2011 *5D4240C9723E15;
23:44:33.674 04.11.2011 *02C18C3B3768EC;
23:44:33.954 04.11.2011 *A800072A20554073D358201FB6C6;
23:44:33.984 04.11.2011 *8D4249C69063B109E7137CDF0E8A;
23:44:34.085 04.11.2011 *20000C3C8B1CAB;
23:44:34.137 04.11.2011 *2800062E4780F6;
23:44:34.207 04.11.2011 *5D4249C6F3FFDD;
23:44:34.239 04.11.2011 *8D48412E99116B8A809C86046A8C;
23:44:34.502 04.11.2011 *8D4249C69063C46BDEDCAE4B2E37;
23:44:34.765 04.11.2011 *5D4240C9723E15;
23:44:34.948 04.11.2011 *20000C3D74E8A2;
23:44:34.983 04.11.2011 *02C60C3DEF7122;
23:44:35.000 04.11.2011 *2800062E4780F6;
23:44:35.018 04.11.2011 *8D4249C69063D109E713A278D5F3;
23:44:35.075 04.11.2011 *20000C3E8B00B0;
23:44:35.131 04.11.2011 *02C607358D72C1;
23:44:35.189 04.11.2011 *02C18C3EC8A4D3;
23:44:35.347 04.11.2011 *5D4249C6F3FFDD;
23:44:35.383 04.11.2011 *8D4240C9204C2271DF1820B9D585;
23:44:35.489 04.11.2011 *8D4249C69063E46BDEDCD2289DA5;
23:44:35.609 04.11.2011 *02C60ABDC6520A;
23:44:35.663 04.11.2011 *02C18ABEE187FB;
23:44:35.671 04.11.2011 *02C18C3F3750DA;
23:44:35.938 04.11.2011 *8D4249C699018680A0B000488A22;
23:44:35.953 04.11.2011 *20000C3F74F4B9;
23:44:35.995 04.11.2011 *8D4240C99901170320BF85A4268C;
23:44:36.003 04.11.2011 *2000073716F75A;
23:44:36.039 04.11.2011 *02C60C3FEF6D39;
23:44:36.051 04.11.2011 *02C60C3FEF6D39;
23:44:36.067 04.11.2011 *2000073716F75A;
23:44:36.074 04.11.2011 *20000C3F74F4B9;
23:44:36.112 04.11.2011 *02C60C90160A01;
23:44:36.125 04.11.2011 *2800062E4780F6;
23:44:36.187 04.11.2011 *2000073716F75A;
23:44:36.433 04.11.2011 *8D4249C690650109E713D733FFDA;
23:44:36.670 04.11.2011 *02C18738AAF371;
23:44:36.847 04.11.2011 *5D4240C9723E15;
23:44:36.951 04.11.2011 *20000C91726788;
23:44:36.959 04.11.2011 *8D4249C690651109E713EEFDF637;
23:44:37.068 04.11.2011 *2000073916A31B;
23:44:37.073 04.11.2011 *2800072A49BC4F;
23:44:37.079 04.11.2011 *2800123B6A43F6;
23:44:37.192 04.11.2011 *2000073916A31B;
23:44:37.386 04.11.2011 *8D4249C699018680A0B000488A22;
23:44:37.533 04.11.2011 *5D4249C6F3FFDD;
23:44:37.666 04.11.2011 *02C18C92CE2BF9;
23:44:37.689 04.11.2011 *02C18B1116ED43;
23:44:37.940 04.11.2011 *8D4249C699018680A0B000488A22;
23:44:37.954 04.11.2011 *20000C93727B93;
23:44:37.985 04.11.2011 *02C60C93E9E213;
23:44:38.048 04.11.2011 *02C18C9331DFF0;
23:44:38.064 04.11.2011 *2000073B16BF00;
23:44:38.684 04.11.2011 *02C18C94CE0FD4;
23:44:38.847 04.11.2011 *02C6073C72F6A4;
23:44:39.092 04.11.2011 *02C60C95E9C63E;
23:44:39.127 04.11.2011 *2800062E4780F6;
23:44:39.250 04.11.2011 *5D4249C6F3FFDD;
23:44:39.665 04.11.2011 *02C18C96CE13CF;
23:44:39.697 04.11.2011 *02C18B1316F158;
23:44:39.880 04.11.2011 *8D4249C69065646BDEDD7664341D;
23:44:39.953 04.11.2011 *20000C977243A5;
23:44:40.081 04.11.2011 *A800072A20554073D358201FB6C6;
23:44:40.405 04.11.2011 *5D4249C6F3FFDD;
23:44:40.417 04.11.2011 *8D4249C690657109E71470738EAE;
23:44:40.657 04.11.2011 *02C18C98CE478E;
23:44:40.669 04.11.2011 *02C18790AC446D;
23:44:40.745 04.11.2011 *5D4240C9723E15;
23:44:40.820 04.11.2011 *8D4249C699018580A0B0004D9570;
23:44:40.953 04.11.2011 *20000C997217E4;
23:44:40.972 04.11.2011 *5D48412EF3AD2B;
23:44:41.037 04.11.2011 *02C6079074798E;
23:44:41.066 04.11.2011 *20000790EFE00E;
23:44:41.073 04.11.2011 *20000C997217E4;
23:44:41.165 04.11.2011 *5D48412EF3AD2B;
23:44:41.341 04.11.2011 *8D4249C699018580A0B0004D9570;
23:44:41.650 04.11.2011 *02C18C9ACE5B95;
23:44:41.849 04.11.2011 *8D4249C69065A46BD8DDBEF418DE;
23:44:41.949 04.11.2011 *2800062E4780F6;
23:44:41.956 04.11.2011 *20000C9A8DFFF6;
23:44:42.066 04.11.2011 *2800062E4780F6;
23:44:42.081 04.11.2011 *A800072A20554073D358201FB6C6;
23:44:42.110 04.11.2011 *02C60792746595;
23:44:42.185 04.11.2011 *20000792EFFC15;
23:44:42.345 04.11.2011 *8D4249C699018580A0AC00E51770;
23:44:42.676 04.11.2011 *02C18C9CCE7FB8;
23:44:42.954 04.11.2011 *20000C9C8DDBDB;
23:44:43.002 04.11.2011 *2800062E4780F6;
23:44:43.073 04.11.2011 *A800062E204C2271DF18201A8EAB;
23:44:43.074 04.11.2011 *20000C9D722FD2;
23:44:43.077 04.11.2011 *282010873EB486;
23:44:43.162 04.11.2011 *5D4249C6F3FFDD;
23:44:43.569 04.11.2011 *8D48412E58598490EECFE8677150;
23:44:43.716 04.11.2011 *02C607958BB5B1;
23:44:43.777 04.11.2011 *8D4249C69065E109E114F212521A;
23:44:43.894 04.11.2011 *02C18795538852;
23:44:43.946 04.11.2011 *20000795102C31;
23:44:43.950 04.11.2011 *8D4240C9603D50FB8D0354BD0F03;
23:44:43.953 04.11.2011 *2800072A49BC4F;
23:44:43.998 04.11.2011 *02C18796AC6040;
23:44:44.001 04.11.2011 *2800062E4780F6;
23:44:44.014 04.11.2011 *5D4249C6F3FFDD;
23:44:44.066 04.11.2011 *20000796EFC423;
23:44:44.080 04.11.2011 *2800072A49BC4F;
23:44:44.161 04.11.2011 *5D4249C6F3FFDD;
23:44:44.302 04.11.2011 *8D4249C69065E46BD8DE18225E83;
23:44:44.350 04.11.2011 *5D48412EF3AD2B;
23:44:44.422 04.11.2011 *5D48412EF3AD2B;
23:44:44.453 04.11.2011 *8D4240C9603D645DC4CCFAA9F455;
23:44:44.566 04.11.2011 *02C18797539449;
23:44:44.753 04.11.2011 *8D4249C69065F109E11517D67B55;
23:44:44.769 04.11.2011 *8D4240C999011B0320A38518D9C4;
23:44:44.947 04.11.2011 *2000079710302A;
23:44:44.950 04.11.2011 *20000CB08C5231;
23:44:44.969 04.11.2011 *5D4249C6F3FFDD;
23:44:45.013 04.11.2011 *282010873EB486;
23:44:45.086 04.11.2011 *20201533AE8E09;
23:44:45.098 04.11.2011 *8F43BE8590AB30FA4ADC7A240A02;
23:44:45.142 04.11.2011 *02C18CB0CFF652;
23:44:45.205 04.11.2011 *20201533AE8E09;
23:44:45.220 04.11.2011 *8D4249C690670109E115252B2BA2;
23:44:45.471 04.11.2011 *02C60B1BCEBCD7;
23:44:45.477 04.11.2011 *02C60B1BCEBCD7;
23:44:45.633 04.11.2011 *02C18798AC3401;
23:44:45.655 04.11.2011 *02C18CB130025B;
23:44:45.755 04.11.2011 *8D4240C9204C2271DF1820B9D585;
23:44:45.918 04.11.2011 *8F43BE859901AF042804006CFAC3;
23:44:45.947 04.11.2011 *2800062E4780F6;
23:44:46.003 04.11.2011 *2800062E4780F6;
23:44:46.013 04.11.2011 *20201533AE8E09;
23:44:46.075 04.11.2011 *2800062E4780F6;
23:44:46.079 04.11.2011 *2800072A49BC4F;
23:44:46.129 04.11.2011 *2000079910646B;
23:44:46.211 04.11.2011 *20201533AE8E09;
23:44:46.234 04.11.2011 *8D4249C690672109E1154CB7B4D7;
23:44:46.307 04.11.2011 *8D4240C999011C0320A384EE19A7;
23:44:46.658 04.11.2011 *8D4249C69067346BD8DE70BD587B;
23:44:46.659 04.11.2011 *02C18CB3301E40;
23:44:46.889 04.11.2011 *8D43BE8590AB30FA50DCC43AD581;
23:44:47.013 04.11.2011 *20001533EBF220;
23:44:47.038 04.11.2011 *5D4249C6F3FFDD;
23:44:47.086 04.11.2011 *20001533EBF220;
23:44:47.112 04.11.2011 *8D4240C999011C0320A384EE19A7;
23:44:47.211 04.11.2011 *20001533EBF220;
23:44:47.528 04.11.2011 *8D4249C69067446BD8DE8E2BEE52;
23:44:47.540 04.11.2011 *02C1879B53DC13;
23:44:47.560 04.11.2011 *5D4240C9723E15;
23:44:47.663 04.11.2011 *02C18CB4CFCE64;
23:44:47.726 04.11.2011 *02E19533ED2A6A;
23:44:47.771 04.11.2011 *02C60B1DCE98FA;
23:44:47.944 04.11.2011 *8D43BE859901AF04280400DC1833;
23:44:48.068 04.11.2011 *5D4249C6F3FFDD;
23:44:48.076 04.11.2011 *8D4240C9603DC0FBA303C6F7ED4E;
23:44:48.081 04.11.2011 *20000CB5739E0E;
23:44:48.083 04.11.2011 *A8001087204D64B7CB2820746A90;
23:44:48.122 04.11.2011 *8D4249C69901858080A400D00759;
23:44:48.434 04.11.2011 *8D4249C620554073D35820F035E6;
23:44:48.460 04.11.2011 *02E19533ED2A6A;
23:44:48.656 04.11.2011 *02C18CB6CFD27F;
23:44:48.695 04.11.2011 *02C18CB6CFD27F;
23:44:49.047 04.11.2011 *02C18CB7302676;
23:44:49.051 04.11.2011 *5D4249C6F3FFDD;
23:44:49.107 04.11.2011 *02C6079E742DCF;
23:44:49.176 04.11.2011 *02C1879EAC102C;
23:44:49.256 04.11.2011 *5D48412EF3AD2B;
23:44:49.474 04.11.2011 *8D48412E5859E12F31074178FCDE;
23:44:49.689 04.11.2011 *8D4249C69901858080A000E83159;
23:44:49.776 04.11.2011 *8D43BE8590AB345CA2A7FA6D659D;
23:44:49.984 04.11.2011 *02C60CB9E84FD4;
23:44:50.020 04.11.2011 *20001533EBF220;
23:44:50.059 04.11.2011 *8D48412E9911738AA058852BAA11;
23:44:50.062 04.11.2011 *02C18CB9307237;
23:44:50.233 04.11.2011 *5D48412EF3AD2B;
23:44:50.255 04.11.2011 *8D4249C69067946BD8DEF4A1AC44;
23:44:50.608 04.11.2011 *5D43BE85736451;
23:44:50.697 04.11.2011 *8D43BE8590AB30FA68DD653B7149;
23:44:50.759 04.11.2011 *8D4249C69067A109E115FACB245B;
23:44:50.854 04.11.2011 *02C607B075B83E;
23:44:51.024 04.11.2011 *280010877BC8AF;
23:44:51.040 04.11.2011 *02C607B075B83E;
23:44:51.086 04.11.2011 *20000CBA8C3E46;
23:44:51.093 04.11.2011 *20001533EBF220;
23:44:51.112 04.11.2011 *5D4249C6F3FFDD;
23:44:51.147 04.11.2011 *2800062E4780F6;
23:44:51.151 04.11.2011 *2800072A49BC4F;
23:44:51.221 04.11.2011 *20001533EBF220;
23:44:51.515 04.11.2011 *02C187B15271D4;
23:44:51.651 04.11.2011 *02C18CBB306E2C;
23:44:51.725 04.11.2011 *8D43BE8590AB30FA6EDD8EED54A1;
23:44:52.089 04.11.2011 *20001533EBF220;
23:44:52.216 04.11.2011 *A8001087204D64B7CB2820746A90;
23:44:52.629 04.11.2011 *5D43BE85736451;
23:44:52.698 04.11.2011 *02C187B3526DCF;
23:44:52.708 04.11.2011 *5D4240C9723E15;
23:44:52.733 04.11.2011 *02E19533ED2A6A;
23:44:52.749 04.11.2011 *8D4249C69067D109D91646BA81B8;
23:44:52.945 04.11.2011 *200007B311C9AC;
23:44:52.968 04.11.2011 *5D4249C6F3FFDD;
23:44:52.994 04.11.2011 *02C607B38A502C;
23:44:53.057 04.11.2011 *02E61533351789;
23:44:53.080 04.11.2011 *A800062E204C2271DF18201A8EAB;
23:44:53.088 04.11.2011 *280010877BC8AF;
23:44:53.143 04.11.2011 *200007B311C9AC;
23:44:53.208 04.11.2011 *A800062E204C2271DF18201A8EAB;
23:44:53.550 04.11.2011 *8D43BE8590AB30FA7EDDDA334B3F;
23:44:53.652 04.11.2011 *02C18CBF30561A;
23:44:53.774 04.11.2011 *8D4249C69067F109D9166D2581B6;
23:44:54.090 04.11.2011 *280010877BC8AF;
23:44:54.151 04.11.2011 *20000CBF73F279;
23:44:54.222 04.11.2011 *20001533EBF220;
23:44:54.439 04.11.2011 *5D43BE85736451;
23:44:54.576 04.11.2011 *02C187B55249E2;
23:44:54.957 04.11.2011 *2800072A49BC4F;
23:44:54.997 04.11.2011 *5D4240C9723E15;
23:44:55.017 04.11.2011 *5D4249C6F3FFDD;
23:44:55.034 04.11.2011 *8D4240C999011F05407B8536555B;
23:44:55.049 04.11.2011 *02C18D1138C8AB;
23:44:55.085 04.11.2011 *20000D117B6CC8;
23:44:55.151 04.11.2011 *20000D117B6CC8;
23:44:55.202 04.11.2011 *8D4249C699018580A0900073D179;
23:44:55.358 04.11.2011 *8D4240C9603F60FBD9049148C657;
23:44:55.652 04.11.2011 *02C18D12C720B9;
23:44:55.677 04.11.2011 *02C187B6ADA1F0;
23:44:55.714 04.11.2011 *8D4249C69069246BD0DFBA819A07;
23:44:55.937 04.11.2011 *8D4240C9204C2271DF1820B9D585;
23:44:56.009 04.11.2011 *200007B711F19A;
23:44:56.078 04.11.2011 *200007B711F19A;
23:44:56.117 04.11.2011 *8D4240C999011F05A07B8513D58D;
23:44:56.151 04.11.2011 *20000D137B70D3;
23:44:56.259 04.11.2011 *8D4249C69069346BD0DFD2B3045B;
23:44:56.649 04.11.2011 *02C18D1338D4B0;
23:44:56.959 04.11.2011 *20000D1484A0F7;
23:44:57.010 04.11.2011 *A800062E204C2271DF18201A8EAB;
23:44:57.023 04.11.2011 *20001533EBF220;
23:44:57.152 04.11.2011 *2800072A49BC4F;
23:44:57.208 04.11.2011 *A800062E204C2271DF18201A8EAB;
23:44:57.217 04.11.2011 *280010877BC8AF;
23:44:57.487 04.11.2011 *8D43BE859901AF04280400DC1833;
23:44:57.524 04.11.2011 *02C607B98A3C5B;
23:44:57.548 04.11.2011 *02C607B98A3C5B;
23:44:57.888 04.11.2011 *5D48412EF3AD2B;
23:44:57.958 04.11.2011 *20000D157B54FE;
23:44:58.018 04.11.2011 *20001533EBF220;
23:44:58.035 04.11.2011 *5D4249C6F3FFDD;
23:44:58.089 04.11.2011 *8D4240C999011F06807F85129851;
23:44:58.160 04.11.2011 *2800072A49BC4F;
23:44:58.207 04.11.2011 *200007BAEE4DC9;
23:44:58.216 04.11.2011 *20001533EBF220;
23:44:58.226 04.11.2011 *8D4249C620554073D35820F035E6;
23:44:58.262 04.11.2011 *5D43BE85736451;
23:44:58.504 04.11.2011 *8D4240C999011F06E08385CE4215;
23:44:58.507 04.11.2011 *02E19533ED2A6A;
23:44:58.539 04.11.2011 *02C607BA75D449;
23:44:58.584 04.11.2011 *8D43BE859901AF04280400DC1833;
23:44:58.644 04.11.2011 *02C18D16C7188F;
23:44:58.676 04.11.2011 *02C187BAADE9AA;
23:44:58.684 04.11.2011 *8D4240C9603FA0FBFD04EE7FC9B3;
23:44:58.951 04.11.2011 *2800062E4780F6;
23:44:58.960 04.11.2011 *2800072A49BC4F;
23:44:58.984 04.11.2011 *5D4249C6F3FFDD;
23:44:59.014 04.11.2011 *20001533EBF220;
23:44:59.056 04.11.2011 *5D4240C9723E15;
23:44:59.077 04.11.2011 *2800062E4780F6;
23:44:59.084 04.11.2011 *280010877BC8AF;
23:44:59.138 04.11.2011 *200007BB11B9C0;
23:44:59.152 04.11.2011 *2800072A49BC4F;
23:44:59.469 04.11.2011 *8D43BE859901AF04280400DC1833;
23:44:59.655 04.11.2011 *02C18D18C74CCE;
23:44:59.920 04.11.2011 *8D4249C69069846BD0E0561B8C0D;
23:44:59.956 04.11.2011 *5D43BE85736451;
23:45:00.016 04.11.2011 *20001533EBF220;
23:45:00.080 04.11.2011 *02C18D1938B8C7;
23:45:00.082 04.11.2011 *2800072A49BC4F;
23:45:00.085 04.11.2011 *20001533EBF220;
23:45:00.217 04.11.2011 *A8001087204D64B7CB2820746A90;
23:45:00.418 04.11.2011 *8D43BE859901AF04280400DC1833;
23:45:00.664 04.11.2011 *02C18D1938B8C7;
23:45:00.872 04.11.2011 *8D4249C699018580C09400846302;
23:45:00.957 04.11.2011 *20000D1A84F4B6;
23:45:01.015 04.11.2011 *20001533EBF220;
23:45:01.048 04.11.2011 *5D4249C6F3FFDD;
23:45:01.053 04.11.2011 *02C18D1AC750D5;
23:45:01.055 04.11.2011 *02C18D1AC750D5;
23:45:01.085 04.11.2011 *20000D1A84F4B6;
23:45:01.153 04.11.2011 *2800072A49BC4F;
23:45:01.209 04.11.2011 *20001533EBF220;
23:45:01.257 04.11.2011 *8D4240C9603FE0FC1B05366DE94E;
23:45:01.325 04.11.2011 *8D4249C699018580C09000BC5502;
23:45:01.454 04.11.2011 *8D43BE8590AB345CECA9D4F012B0;
23:45:01.679 04.11.2011 *02C18D1B38A4DC;
23:45:01.881 04.11.2011 *5D43BE85736451;
23:45:02.010 04.11.2011 *2800062E4780F6;
23:45:02.017 04.11.2011 *280010877BC8AF;
23:45:02.089 04.11.2011 *20001533EBF220;
23:45:02.145 04.11.2011 *2800062E4780F6;
23:45:02.226 04.11.2011 *8D4249C69069C109D117AB785250;
23:45:02.459 04.11.2011 *8D43BE8590AB345CECA9FCF1A36C;
23:45:02.530 04.11.2011 *5D4240C9723E15;
23:45:02.667 04.11.2011 *02C18D1D3880F1;
23:45:02.682 04.11.2011 *02C18810F10E2D;
23:45:02.696 04.11.2011 *02C18B3F1778B2;
23:45:02.706 04.11.2011 *8D48412E9911788AE08C85E16D57;
23:45:02.734 04.11.2011 *02E19533ED2A6A;
23:45:02.740 04.11.2011 *8D4249C69069D46BC8E0BC5F5D12;
23:45:02.846 04.11.2011 *8D4240C9604110FC3105639E630A;
23:45:02.952 04.11.2011 *200008114D5E47;
23:45:03.030 04.11.2011 *02C188110EFA24;
23:45:03.089 04.11.2011 *280010877BC8AF;
23:45:03.145 04.11.2011 *200008114D5E47;
23:45:03.154 04.11.2011 *2800072A49BC4F;
23:45:03.200 04.11.2011 *200008114D5E47;
23:45:03.215 04.11.2011 *280010877BC8AF;
23:45:03.222 04.11.2011 *8D48412E585D012E3D0942535280;
23:45:03.412 04.11.2011 *02E19533ED2A6A;
23:45:03.639 04.11.2011 *02C18812F11236;
23:45:03.654 04.11.2011 *02C18D1EC768E3;
23:45:03.793 04.11.2011 *8D4240C96041245E6ECF05E61ECA;
23:45:03.955 04.11.2011 *2800072A49BC4F;
23:45:04.008 04.11.2011 *20000812B2B655;
23:45:04.078 04.11.2011 *02C188130EE63F;
23:45:04.147 04.11.2011 *A800072A20554073D358201FB6C6;
23:45:04.206 04.11.2011 *200008134D425C;
23:45:04.373 04.11.2011 *8D4240C999012008609785E42EF9;
23:45:04.822 04.11.2011 *8D4249C69069F109D1180E8AE0BF;
23:45:04.949 04.11.2011 *20000814B29278;
23:45:05.015 04.11.2011 *A800062E204C2271DF18201A8EAB;
23:45:05.017 04.11.2011 *20001533EBF220;
23:45:05.039 04.11.2011 *02C18D30C6FD12;
23:45:05.082 04.11.2011 *20000814B29278;
23:45:05.090 04.11.2011 *20001533EBF220;
23:45:05.103 04.11.2011 *5D4249C6F3FFDD;
23:45:05.111 04.11.2011 *02C60814290BF8;
23:45:05.143 04.11.2011 *A800062E204C2271DF18201A8EAB;
23:45:05.153 04.11.2011 *2800072A49BC4F;
23:45:05.214 04.11.2011 *20001533EBF220;
23:45:05.241 04.11.2011 *8D4249C6906B0109D1181E766DE3;
23:45:05.680 04.11.2011 *02C188150EC212;
23:45:05.896 04.11.2011 *8D4240C9990120088097863E463D;
23:45:05.948 04.11.2011 *200008154D6671;
23:45:05.962 04.11.2011 *A800072A20554073D358201FB6C6;
23:45:06.023 04.11.2011 *280010877BC8AF;
23:45:06.206 04.11.2011 *20000816B28E63;
23:45:06.294 04.11.2011 *8D4249C6906B246BC8E142A8CD9F;
23:45:06.425 04.11.2011 *8D4240C96041645E92CF4D86698C;
23:45:06.479 04.11.2011 *8D4240C999012008809B86761C3D;
23:45:06.543 04.11.2011 *5D4240C9723E15;
23:45:06.799 04.11.2011 *8D4249C6906B2109D1185A148F75;
23:45:07.091 04.11.2011 *20001533EBF220;
23:45:07.151 04.11.2011 *20000D337AB163;
23:45:07.207 04.11.2011 *200008174D7A6A;
23:45:07.215 04.11.2011 *20001533EBF220;
23:45:07.392 04.11.2011 *8D43BE8590AB345D10AAC868662B;
23:45:07.447 04.11.2011 *5D4240C9723E15;
23:45:07.520 04.11.2011 *8D4240C999012108A09B85CF82C8;
23:45:07.644 04.11.2011 *5D4240C9723E15;
23:45:07.681 04.11.2011 *02C18818F17E41;
23:45:07.685 04.11.2011 *8D4249C699018680E07800378646;
23:45:07.686 04.11.2011 *02E19533ED2A6A;
23:45:07.950 04.11.2011 *2800062E4780F6;
23:45:07.955 04.11.2011 *20000D34856147;
23:45:08.015 04.11.2011 *5D4249C6F3FFDD;
23:45:08.020 04.11.2011 *02C188190E8A48;
23:45:08.083 04.11.2011 *200008194D2E2B;
23:45:08.086 04.11.2011 *20000D34856147;
23:45:08.156 04.11.2011 *8D4240C96041945EA8CF7C7C5BF7;
23:45:08.446 04.11.2011 *5D4240C9723E15;
23:45:08.582 04.11.2011 *8D4240C999012108A09B86306ADA;
23:45:08.688 04.11.2011 *02C1881AF1625A;
23:45:08.694 04.11.2011 *8D4249C6906B546BC8E19A3F9E2B;
23:45:09.032 04.11.2011 *02C60D35E10CCE;
23:45:09.588 04.11.2011 *8D4249C699018680C0700002966F;
23:45:09.964 04.11.2011 *A800072A20554073D358201FB6C6;
23:45:09.992 04.11.2011 *5D4249C6F3FFDD;
23:45:10.149 04.11.2011 *02C18D36C6D93F;
23:45:11.011 04.11.2011 *02C18D37392D36;
23:45:11.063 04.11.2011 *02C18D37392D36;
23:45:11.149 04.11.2011 *20000D377A8955;
23:45:11.599 04.11.2011 *8D4249C6906B8109C91912B15D28;
23:45:12.586 04.11.2011 *8D4249C6906B9109C919377FFC47;
23:45:12.713 04.11.2011 *02C18B9F11BFC2;
23:45:12.779 04.11.2011 *8D48412E585DF48EF6D413F3E7D4;
23:45:12.795 04.11.2011 *8D4249C620554073D35820F035E6;
23:45:13.030 04.11.2011 *02C60BB037E3D9;
23:45:13.730 04.11.2011 *5D4240C9723E15;
23:45:13.739 04.11.2011 *8D4249C6906BA46BC2E254B58669;
23:45:13.955 04.11.2011 *200008334C83EC;
23:45:14.016 04.11.2011 *200008334C83EC;
23:45:14.079 04.11.2011 *200008334C83EC;
23:45:14.127 04.11.2011 *02C60833D71A6C;
23:45:14.144 04.11.2011 *2800062E4780F6;
23:45:14.150 04.11.2011 *20000D3B7AC10F;
23:45:14.203 04.11.2011 *200008334C83EC;
23:45:14.340 04.11.2011 *8D4240C999012408A0A686A780A5;
23:45:14.420 04.11.2011 *8D4240C9604340FCCF06AA2A4C4A;
23:45:14.652 04.11.2011 *02C18834F0F7AB;
23:45:14.789 04.11.2011 *8D4249C6906BB109C9198B18CA75;
23:45:14.870 04.11.2011 *5D4240C9723E15;
23:45:15.015 04.11.2011 *02C18D3CC6B548;
23:45:15.145 04.11.2011 *2800062E4780F6;
23:45:15.150 04.11.2011 *20000D3C85112B;
23:45:15.205 04.11.2011 *200008354CA7C1;
23:45:15.680 04.11.2011 *02C18836F0EBB0;
23:45:15.717 04.11.2011 *02C18836F0EBB0;
23:45:15.882 04.11.2011 *8D4240C96043645F12D051E8145D;
23:45:15.956 04.11.2011 *20000836B34FD3;
23:45:16.025 04.11.2011 *5D4240C9723E15;
23:45:16.069 04.11.2011 *5D4249C6F3FFDD;
23:45:16.143 04.11.2011 *200008374CBBDA;
23:45:16.156 04.11.2011 *A800072A20554073D358201FB6C6;
23:45:16.323 04.11.2011 *8D4240C96043745F18D05DADFA6D;
23:45:16.686 04.11.2011 *8D4249C6906BD46BBAE2C25D609F;
23:45:17.101 04.11.2011 *5D4249C6F3FFDD;
23:45:17.157 04.11.2011 *2800072A49BC4F;
23:45:17.733 04.11.2011 *8D4249C699018980C06000F32C75;
23:45:17.917 04.11.2011 *8D4240C96043A45F2ED08995EAF5;
23:45:17.957 04.11.2011 *2000083AB30789;
23:45:18.014 04.11.2011 *2000083AB30789;
23:45:18.080 04.11.2011 *2000083AB30789;
23:45:18.089 04.11.2011 *280010877BC8AF;
23:45:18.145 04.11.2011 *2000083AB30789;
23:45:18.157 04.11.2011 *A800072A20554073D358201FB6C6;
23:45:18.205 04.11.2011 *2000083B4CF380;
23:45:18.214 04.11.2011 *20001532140629;
23:45:18.501 04.11.2011 *8D43BE859901B004280400FDD6C9;
23:45:18.703 04.11.2011 *02C18BBAEFB24D;
23:45:18.816 04.11.2011 *8D4249C6906BF109C31A244402C7;
23:45:18.945 04.11.2011 *8D4240C96043C0FD0D072BF68924;
23:45:18.959 04.11.2011 *2000083CB323A4;
23:45:19.012 04.11.2011 *02E60D905D7BA8;
23:45:19.015 04.11.2011 *2800062E4780F6;
23:45:19.022 04.11.2011 *20001532140629;
23:45:19.090 04.11.2011 *A800062E204C2271DF18201A8EAB;
23:45:19.130 04.11.2011 *02C1883CF087C7;
23:45:19.149 04.11.2011 *A800062E204C2271DF18201A8EAB;
23:45:19.213 04.11.2011 *20001532140629;
23:45:19.370 04.11.2011 *8D43BE859901B004280800B58CC9;
23:45:19.746 04.11.2011 *8D4249C6906D0109C31A4B6EFD81;
23:45:19.902 04.11.2011 *8D4240C96043E0FD1B07469B93F1;
23:45:20.014 04.11.2011 *2800062E4780F6;
23:45:20.151 04.11.2011 *2000083EB33FBF;
23:45:20.158 04.11.2011 *A800072A20554073D358201FB6C6;
23:45:20.242 04.11.2011 *5D4249C6F3FFDD;
23:45:21.066 04.11.2011 *8D4240C99901260880B686043110;
23:45:21.153 04.11.2011 *20000D9283821A;
23:45:21.213 04.11.2011 *A800062E204C2271DF18201A8EAB;
23:45:21.259 04.11.2011 *5D4240C9723E15;
23:45:21.366 04.11.2011 *8D4240C9204C2271DF1820B9D585;
23:45:21.418 04.11.2011 *5D4240C9723E15;
23:45:21.763 04.11.2011 *8D4249C6906D2109C31A98F4292B;
23:45:22.007 04.11.2011 *02E18D92855A50;
23:45:22.014 04.11.2011 *2800062E4780F6;
23:45:22.152 04.11.2011 *20000892B5B095;
23:45:22.153 04.11.2011 *A800072A20554073D358201FB6C6;
23:45:22.210 04.11.2011 *20000892B5B095;
23:45:22.543 04.11.2011 *5D4249C6F3FFDD;
23:45:22.607 04.11.2011 *8D4249C699018B80C05C0063FFE0;
23:45:22.701 04.11.2011 *02C18C10C339CA;
23:45:22.772 04.11.2011 *8D4249C6205540;
23:45:22.960 04.11.2011 *20000D937C7613;
23:45:22.976 04.11.2011 *5D4240C9723E15;
23:45:23.012 04.11.2011 *2800062E4780F6;
23:45:23.092 04.11.2011 *20001532140629;
23:45:23.099 04.11.2011 *02C608942E0D38;
23:45:23.142 04.11.2011 *20000894B594B8;
23:45:23.151 04.11.2011 *20000D9483A637;
23:45:23.203 04.11.2011 *20000894B594B8;
23:45:23.572 04.11.2011 *8D4249C6906D4109BB1ADE280645;
23:45:23.651 04.11.2011 *02C1889509C4D2;
23:45:23.676 04.11.2011 *8D4240C99901270860BA866AE108;
23:45:23.961 04.11.2011 *20000D9483A637;
23:45:24.012 04.11.2011 *20000896B588A3;
23:45:24.068 04.11.2011 *02C18896F62CC0;
23:45:24.082 04.11.2011 *20000896B588A3;
23:45:24.144 04.11.2011 *20000896B588A3;
23:45:24.589 04.11.2011 *8D48412E5861348E38D59EEBF060;
23:45:24.722 04.11.2011 *8D4249C6906D54;
23:45:25.152 04.11.2011 *02E18D957A8A74;
23:45:25.552 04.11.2011 *8D48412E99117A8B008C8616ED5C;
23:45:25.648 04.11.2011 *8D4249C6906D6109BB1B2C42EAD6;
23:45:25.962 04.11.2011 *20000D9683BA2C;
23:45:26.151 04.11.2011 *20000D9683BA2C;
23:45:27.530 04.11.2011 *8D4240C96045D45FACD195C76D0F;
23:45:27.956 04.11.2011 *2800062E4780F6;
23:45:27.968 04.11.2011 *20000D9883EE6D;
23:45:28.147 04.11.2011 *20000D9883EE6D;
23:45:28.205 04.11.2011 *2000089EB5F8CF;
23:45:28.957 04.11.2011 *5D43BE85736451;
23:45:29.014 04.11.2011 *5D43BE85736451;
23:45:29.094 04.11.2011 *280010877BC8AF;
23:45:29.149 04.11.2011 *20001532140629;
23:45:29.496 04.11.2011 *8D43BE8590AB20FB66E3C211B129;
23:45:29.791 04.11.2011 *5D4240C9723E15;
23:45:29.960 04.11.2011 *200008B2B47125;
23:45:30.018 04.11.2011 *200008B2B47125;
23:45:30.030 04.11.2011 *280010877BC8AF;
23:45:30.096 04.11.2011 *20001532140629;
23:45:30.140 04.11.2011 *200008B2B47125;
23:45:30.148 04.11.2011 *20001532140629;
23:45:30.204 04.11.2011 *200008B2B47125;
23:45:30.210 04.11.2011 *20001532140629;
23:45:30.408 04.11.2011 *8D43BE8590AB245DA4AE7223DA84;
23:45:30.482 04.11.2011 *02C608B3D01CAC;
23:45:30.540 04.11.2011 *8D48412E5861B48DD2D67555242E;
23:45:30.686 04.11.2011 *02C188B308214F;
23:45:31.096 04.11.2011 *280010877BC8AF;
23:45:31.372 04.11.2011 *8D43BE8590AB20FB6EE40E51FE5B;
23:45:32.026 04.11.2011 *A8001087204D64B7CB2820746A90;
23:45:32.097 04.11.2011 *20001532140629;
23:45:32.445 04.11.2011 *8D43BE8590AB245DAAAEC267A6A2;
23:45:32.489 04.11.2011 *02C608B7D0249A;
23:45:32.534 04.11.2011 *02C608B7D0249A;
23:45:32.553 04.11.2011 *02C608B7D0249A;
23:45:32.659 04.11.2011 *8D4240C96047745FF0D225D3618D;
23:45:32.693 04.11.2011 *02C188B7081979;
23:45:32.869 04.11.2011 *5D4240C9723E15;
23:45:33.001 04.11.2011 *02C608B82F84D2;
23:45:33.016 04.11.2011 *A800062E204C2271DF18201A8EAB;
23:45:33.047 04.11.2011 *02C608B82F84D2;
23:45:33.083 04.11.2011 *A800062E204C2271DF18201A8EAB;
23:45:33.121 04.11.2011 *02C608B82F84D2;
23:45:34.690 04.11.2011 *8D4240C96047B4600AD25E57F662;
23:45:34.961 04.11.2011 *200008BB4BF540;
23:45:35.786 04.11.2011 *8D4249C699019080A05800B9A859;
23:45:36.082 04.11.2011 *8D4240C99901290840A6876A83FC;
23:45:36.082 04.11.2011 *200008BD4BD16D;
23:45:36.154 04.11.2011 *A800072A20554073D358201FB6C6;
23:45:36.202 04.11.2011 *200008BD4BD16D;
23:45:36.959 04.11.2011 *200008BF4BCD76;
23:45:37.062 04.11.2011 *5D4240C9723E15;
23:45:37.085 04.11.2011 *5D4240C9723E15;
23:45:37.153 04.11.2011 *20000DB0825FB1;
23:45:37.163 04.11.2011 *5D4240C9723E15;
23:45:37.203 04.11.2011 *200008BF4BCD76;
23:45:37.529 04.11.2011 *8D4240C9604904602ED2AE63316D;
23:45:37.618 04.11.2011 *8D4240C999012A08409A8606AEAE;
23:45:37.691 04.11.2011 *02C18910FF03AD;
23:45:37.694 04.11.2011 *02C18910FF03AD;
23:45:37.696 04.11.2011 *8D4249C6906F046BACE5D8258D15;
23:45:38.515 04.11.2011 *8D4240C9604910FE130960761FA1;
23:45:38.699 04.11.2011 *8D4249C699019180A05400F2F897;
23:45:38.717 04.11.2011 *02C1891100F7A4;
23:45:39.203 04.11.2011 *20000912BCBBD5;
23:45:39.617 04.11.2011 *8D4249C6906F2109B31D4D22D8AA;
23:45:40.423 04.11.2011 *5D4249C6F3FFDD;
23:45:40.600 04.11.2011 *8D4249C6906F3109B31D74ECD147;
23:45:41.098 04.11.2011 *280010877BC8AF;
23:45:41.188 04.11.2011 *8D4240C999012C08409B87FD6983;
23:45:41.218 04.11.2011 *280010877BC8AF;
23:45:41.632 04.11.2011 *5D4240C9723E15;
23:45:41.646 04.11.2011 *5D4240C9723E15;
23:45:41.651 04.11.2011 *8D4240C96049646064D323C99EE6;
23:45:41.676 04.11.2011 *02E18DB484BFCD;
23:45:41.949 04.11.2011 *5D4240C9723E15;
23:45:41.961 04.11.2011 *200009174377EA;
23:45:42.023 04.11.2011 *200009174377EA;
23:45:42.208 04.11.2011 *200009174377EA;
23:45:42.437 04.11.2011 *5D4249C6F3FFDD;
23:45:42.482 04.11.2011 *8D4249C6906F546BA4E68EA86168;
23:45:42.584 04.11.2011 *8D48412E99117E8B208C865FBA4D;
23:45:42.669 04.11.2011 *02C18918FF73C1;
23:45:42.712 04.11.2011 *02C18C3D3D4429;
23:45:42.964 04.11.2011 *200009194323AB;
23:45:43.035 04.11.2011 *5D4249C6F3FFDD;
23:45:43.091 04.11.2011 *200009194323AB;
23:45:43.101 04.11.2011 *8D4249C620554073D35820F035E6;
23:45:43.220 04.11.2011 *280010877BC8AF;
23:45:43.433 04.11.2011 *8D4249C6906F5109AB1DE104F738;
23:45:43.529 04.11.2011 *02E1953212DE63;
23:45:44.105 04.11.2011 *5D4249C6F3FFDD;
23:45:44.220 04.11.2011 *20001532140629;
23:45:44.297 04.11.2011 *5D4249C6F3FFDD;
23:45:44.430 04.11.2011 *8D4249C6906F6109AB1E08BDD4ED;
23:45:44.682 04.11.2011 *02E18DB77B57DF;
23:45:45.022 04.11.2011 *5D4249C6F3FFDD;
23:45:45.440 04.11.2011 *8D4249C6906F7109AB1E2F736999;
23:45:45.501 04.11.2011 *8D43BE8590AB20FBC8E66533BEF7;
23:45:45.955 04.11.2011 *5D4249C6F3FFDD;
23:45:46.026 04.11.2011 *2000091F430786;
23:45:46.088 04.11.2011 *2800062E4780F6;
23:45:46.146 04.11.2011 *2800062E4780F6;
23:45:46.209 04.11.2011 *2000091F430786;
23:45:46.490 04.11.2011 *8D4249C699019580C054003157D4;
23:45:46.681 04.11.2011 *02E18DB884F797;
23:45:46.721 04.11.2011 *8D4240C9604B00FE7F0A50D64BF3;
23:45:47.693 04.11.2011 *02E18DB97B039E;
23:45:47.710 04.11.2011 *02C18932FEDE06;
23:45:47.966 04.11.2011 *20000933428E6C;
23:45:48.021 04.11.2011 *20000933428E6C;
23:45:48.090 04.11.2011 *20000933428E6C;
23:45:48.147 04.11.2011 *2800062E4780F6;
23:45:48.619 04.11.2011 *8D4249C6906FA109AB1EAFFCE330;
23:45:48.871 04.11.2011 *02C6093426C7C8;
23:45:48.964 04.11.2011 *A800062E204C2271DF18201A8EAB;
23:45:49.023 04.11.2011 *A800062E204C2271DF18201A8EAB;
23:45:49.089 04.11.2011 *2000093542AA41;
23:45:49.147 04.11.2011 *2800062E4780F6;
23:45:49.211 04.11.2011 *2000093542AA41;
23:45:49.319 04.11.2011 *5D4240C9723E15;
23:45:49.571 04.11.2011 *8D4240C999012C0880CB8701C56E;
23:45:49.655 04.11.2011 *8D4249C6906FB109AB1ED63169BD;
23:45:49.739 04.11.2011 *02C18936FEE630;
23:45:49.967 04.11.2011 *2800062E4780F6;
23:45:50.089 04.11.2011 *2800062E4780F6;
23:45:50.537 04.11.2011 *8D4240C9604B8460DAD41F1E712A;
23:45:50.588 04.11.2011 *02C60938268F92;
23:45:50.646 04.11.2011 *8D4249C699019780C050000F7448;
